50 [5088] INFO perfrun.launcher <> - Launcher main begin
54 [5088] INFO perfrun.launcher <> - MessageCatalogInit finished
54 [5088] INFO perfrun.launcher <> - Launcher instance created
54 [5088] INFO perfrun.launcher <> - argc = 7; cmdline = C:\Program Files (x86)\Intel\oneAPI\vtune\2025.7\bin64\amplxe-runss.exe --ui-output-format xml --ui-output-fd 940 --option-file D:\mipt\list\opt_proj\superlist\r007hs\config\runss.options 
68 [5088] INFO perfrun.launcher <> - New signal handler callback was added
93 [5088] INFO perfrun.perfcollector <> - SEP tool path: C:\Program Files (x86)\Intel\oneAPI\vtune\2025.7\bin64\sep.exe
102 [5088] INFO perfrun.launcher <> - create msngr2::ICliToolContext
103 [5088] INFO perfrun.launcher <> - create file finder object
103 [5088] INFO perfrun.launcher <> - create a result directory: pattern = D:\mipt\list\opt_proj\superlist\r007hs pid = 4294967295
106 [5088] INFO perfrun.launcher <> - create data directory = D:\mipt\list\opt_proj\superlist\r007hs\data.0
106 [5088] INFO perfrun.launcher <> - Creating the master collection flag
110 [5088] INFO perfrun.launcher <> - Done creating the master collection flag
110 [5620] INFO perfrun.launcher <> - plugin [remoteplug] was disabled because it doesn't support the given collection type.
110 [5620] INFO perfrun.sdk <> - Allocating TMU :D:\mipt\list\opt_proj\superlist\r007hs\data.0\systemcollector-3260-DESKTOP-07MDIV5.sc
111 [5620] INFO perfrun.launcher <> - plugin [] was disabled because it doesn't support the given collection type.
112 [5620] INFO perfrun.launcher <> - plugin [] was disabled because it doesn't support the given collection type.
112 [5620] INFO perfrun.launcher <> - plugin [gpu] was disabled because it doesn't support the given collection type.
112 [5620] INFO perfrun.launcher <> - plugin [etw.kernel] was disabled because it doesn't support the given collection type.
112 [5620] INFO perfrun.launcher <> - plugin [etw.dx] was disabled because it doesn't support the given collection type.
112 [5620] INFO perfrun.launcher <> - plugin [etw.wsa] was disabled because it doesn't support the given collection type.
112 [5620] INFO perfrun.mrte <> - system-wide mode is 0
113 [5620] INFO perfrun.mrte <> - Getting  mrte profiling environment ...
129 [5620] INFO perfrun.mrte <> - INTEL_MRTE_DATA_DIR=D:\mipt\list\opt_proj\superlist\r007hs\data.0
129 [5620] INFO perfrun.mrte <> - INTEL_MRTE_HOST_NAME=DESKTOP-07MDIV5
129 [5620] INFO perfrun.mrte <> - JAVA_TOOL_OPTIONS=-agentlib:amplxe_samplingmrte_javaprof_1.0
129 [5620] INFO perfrun.mrte <> - PATH=C:\Program Files (x86)\Intel\oneAPI\vtune\2025.7\bin32\runtime;C:\Program Files (x86)\Intel\oneAPI\vtune\2025.7\bin64\runtime;C:\Program Files\Common Files\Oracle\Java\javapath;D:\C\vulkanSDK\Bin;C:\Windows\System32\Wbem;C:\Windows\System32\WindowsPowerShell\v1.0\;C:\Windows\System32\OpenSSH\;C:\Users\User\AppData\Local\Programs\Python\Python310;C:\Program Files (x86)\NVIDIA Corporation\PhysX\Common;C:\Program Files\Git\cmd;C:\Program Files\CodeBlocks\MinGW\bin;C:\WINDOWS\system32;C:\Program Files\NVIDIA Corporation\NVIDIA NvDLISR;C:\Program Files\CMake\bin;C:\Program Files\dotnet\;C:\Users\User\AppData\Local\Programs\Python\Python310\Scripts;C:\WINDOWS\system32;C:\WINDOWS;C:\Program Files\LLVM\bin;C:\Program Files\Microsoft SQL Server\150\Tools\Binn\;C:\Program Files\Microsoft SQL Server\Client SDK\ODBC\170\Tools\Binn\;C:\Windows\Microsoft.NET\Framework64\v4.0.30319;C:\Program Files\ffmpeg\bin;C:\Program Files\ffmpeg\include;C:\Program Files\Go\bin;C:\Program Files\gnuplot\bin;C:\Program Files (x86)\Windows Kits\10\Windows Performance Toolkit\;C:\Program Files\PowerShell\7\;C:\Users\User\AppData\Local\Microsoft\WindowsApps;C:\path_dir;C:\Program Files\7-Zip;C:\Users\User\.dotnet\tools;C:\path_dir\php;D:\C\SDL2\x86_64-w64-mingw32\include;D:\C\OCL\include;C:\Program Files\Microsoft VS Code\bin;C:\Users\User\go\bin
129 [5620] INFO perfrun.mrte <> - COR_ENABLE_PROFILING=1
129 [5620] INFO perfrun.mrte <> - COR_PROFILER={AA5E4821-E3B1-479c-B7FF-5AD047D22CED}
129 [5620] INFO perfrun.mrte <> - COMPLUS_ProfAPI_ProfilerCompatibilitySetting=EnableV2Profiler
130 [5620] INFO perfrun.mrte <> - CORECLR_ENABLE_PROFILING=1
130 [5620] INFO perfrun.mrte <> - CORECLR_PROFILER={AA5E4821-E3B1-479c-B7FF-5AD047D22CED}
130 [5620] INFO perfrun.mrte <> - CORECLR_PROFILER_PATH=C:\Program Files (x86)\Intel\oneAPI\vtune\2025.7\bin64/amplxe_samplingmrte_clrprof_1.0.dll
130 [5620] INFO perfrun.mrte <> - INTEL_MRTE_PROFILER_MODE=mixed
130 [5620] INFO perfrun.mrte <> - Data directory: D:\mipt\list\opt_proj\superlist\r007hs\data.0
130 [5620] INFO perfrun.mrte <> - Mrte plugin is initialized
130 [5620] INFO perfrun.sdk <> - runCmd: "C:\Program Files (x86)\Intel\oneAPI\vtune\2025.7\bin64\emon.exe" -v
134 [5620] INFO perfrun.sdk <> - runCmd started PID 12104
251 [5620] INFO perfrun.emon <> - Extracted TSC Frequency = 3.3024e+09 from emon -v
251 [5620] INFO perfrun.metrics <> - PMU type is alderlake_goldencove
251 [5620] INFO perfrun.launcher <> - plugin [cuscol] was disabled because it doesn't support the given collection type.
251 [5620] INFO perfrun.launcher <> - plugin [stdsrc] was disabled because it doesn't support the given collection type.
251 [5620] INFO perfrun.launcher <> - plugin [sep] was disabled because it doesn't support the given collection type.
251 [5620] INFO perfrun.launcher <> - plugin [vtsspp] was disabled because it doesn't support the given collection type.
251 [5620] INFO perfrun.launcher <> - plugin [perf] was disabled because it doesn't support the given collection type.
251 [5620] INFO perfrun.launcher <> - plugin [aoclprofile] was disabled because it doesn't support the given collection type.
251 [5620] INFO perfrun.tpss <> - initialize tpss controller
251 [5620] INFO perfrun.tpss <> - configure collection mode: value = cpu:counters:nostack
251 [5620] INFO perfrun.tpss <> - configure collection mode: value = cpu:stack
251 [5620] INFO perfrun.tpss <> - default obj-size-min=1024
251 [5620] INFO perfrun.tpss <> - default hash-table-size=0
252 [5620] INFO perfrun.launcher <> - plugin [] was disabled because it doesn't support the given collection type.
252 [5620] INFO perfrun.launcher <> - plugin [] was disabled because it doesn't support the given collection type.
252 [5620] INFO perfrun.launcher <> - plugin [] was disabled because it doesn't support the given collection type.
252 [5620] INFO perfrun.launcher <> - plugin [] was disabled because it doesn't support the given collection type.
252 [5620] INFO perfrun.launcher <> - plugin [power] was disabled because it doesn't support the given collection type.
252 [5620] INFO perfrun.launcher <> - plugin [] was disabled because it doesn't support the given collection type.
252 [5620] INFO perfrun.launcher <> - plugin [] was disabled because it doesn't support the given collection type.
252 [5620] INFO perfrun.launcher <> - plugin [] was disabled because it doesn't support the given collection type.
252 [5620] INFO perfrun.launcher <> - plugin [l0_metrics] was disabled because it doesn't support the given collection type.
252 [5620] INFO perfrun.launcher <> - plugin [stall_reasons] was disabled because it doesn't support the given collection type.
252 [5088] INFO perfrun.launcher <> - set environment variable: PATH = C:\Program Files (x86)\Intel\oneAPI\vtune\2025.7\bin32\runtime;C:\Program Files (x86)\Intel\oneAPI\vtune\2025.7\bin64\runtime;C:\Program Files\Common Files\Oracle\Java\javapath;D:\C\vulkanSDK\Bin;C:\Windows\System32\Wbem;C:\Windows\System32\WindowsPowerShell\v1.0\;C:\Windows\System32\OpenSSH\;C:\Users\User\AppData\Local\Programs\Python\Python310;C:\Program Files (x86)\NVIDIA Corporation\PhysX\Common;C:\Program Files\Git\cmd;C:\Program Files\CodeBlocks\MinGW\bin;C:\WINDOWS\system32;C:\Program Files\NVIDIA Corporation\NVIDIA NvDLISR;C:\Program Files\CMake\bin;C:\Program Files\dotnet\;C:\Users\User\AppData\Local\Programs\Python\Python310\Scripts;C:\WINDOWS\system32;C:\WINDOWS;C:\Program Files\LLVM\bin;C:\Program Files\Microsoft SQL Server\150\Tools\Binn\;C:\Program Files\Microsoft SQL Server\Client SDK\ODBC\170\Tools\Binn\;C:\Windows\Microsoft.NET\Framework64\v4.0.30319;C:\Program Files\ffmpeg\bin;C:\Program Files\ffmpeg\include;C:\Program Files\Go\bin;C:\Program Files\gnuplot\bin;C:\Program Files (x86)\Windows Kits\10\Windows Performance Toolkit\;C:\Program Files\PowerShell\7\;C:\Users\User\AppData\Local\Microsoft\WindowsApps;C:\path_dir;C:\Program Files\7-Zip;C:\Users\User\.dotnet\tools;C:\path_dir\php;D:\C\SDL2\x86_64-w64-mingw32\include;D:\C\OCL\include;C:\Program Files\Microsoft VS Code\bin;C:\Users\User\go\bin
252 [5088] INFO perfrun.launcher <> - set environment variable: INTEL_LIBITTNOTIFY32 = C:\Program Files (x86)\Intel\oneAPI\vtune\2025.7\bin32\runtime\ittnotify_collector.dll
252 [5088] INFO perfrun.launcher <> - set environment variable: INTEL_LIBITTNOTIFY64 = C:\Program Files (x86)\Intel\oneAPI\vtune\2025.7\bin64\runtime\ittnotify_collector.dll
252 [5088] INFO perfrun.launcher <> - set environment variable: INTEL_ITTNOTIFY_GROUPS = 
252 [5088] INFO perfrun.launcher <> - set environment variable: INTEL_JIT_PROFILER32 = C:\Program Files (x86)\Intel\oneAPI\vtune\2025.7\bin32\runtime\ittnotify_collector.dll
252 [5088] INFO perfrun.launcher <> - set environment variable: INTEL_JIT_PROFILER64 = C:\Program Files (x86)\Intel\oneAPI\vtune\2025.7\bin64\runtime\ittnotify_collector.dll
252 [5088] INFO perfrun.launcher <> - set environment variable: CCL_ITT_LEVEL = 1
252 [5088] INFO perfrun.launcher <> - set environment variable: ENABLE_JITPROFILING = 1
252 [5088] INFO perfrun.launcher <> - set environment variable: CL_CONFIG_USE_VTUNE = True
252 [5088] INFO perfrun.launcher <> - set environment variable: KMP_FORKJOIN_FRAMES = 0
253 [5088] INFO perfrun.launcher <> - set environment variable: KMP_FORKJOIN_FRAMES_MODE = 0
253 [5088] INFO perfrun.launcher <> - set environment variable: INTEL_MRTE_DATA_DIR = D:\mipt\list\opt_proj\superlist\r007hs\data.0
253 [5088] INFO perfrun.launcher <> - set environment variable: INTEL_MRTE_HOST_NAME = DESKTOP-07MDIV5
253 [5088] INFO perfrun.launcher <> - set environment variable: JAVA_TOOL_OPTIONS = -agentlib:amplxe_samplingmrte_javaprof_1.0
253 [5088] INFO perfrun.launcher <> - set environment variable: PATH = C:\Program Files (x86)\Intel\oneAPI\vtune\2025.7\bin32\runtime;C:\Program Files (x86)\Intel\oneAPI\vtune\2025.7\bin64\runtime;C:\Program Files\Common Files\Oracle\Java\javapath;D:\C\vulkanSDK\Bin;C:\Windows\System32\Wbem;C:\Windows\System32\WindowsPowerShell\v1.0\;C:\Windows\System32\OpenSSH\;C:\Users\User\AppData\Local\Programs\Python\Python310;C:\Program Files (x86)\NVIDIA Corporation\PhysX\Common;C:\Program Files\Git\cmd;C:\Program Files\CodeBlocks\MinGW\bin;C:\WINDOWS\system32;C:\Program Files\NVIDIA Corporation\NVIDIA NvDLISR;C:\Program Files\CMake\bin;C:\Program Files\dotnet\;C:\Users\User\AppData\Local\Programs\Python\Python310\Scripts;C:\WINDOWS\system32;C:\WINDOWS;C:\Program Files\LLVM\bin;C:\Program Files\Microsoft SQL Server\150\Tools\Binn\;C:\Program Files\Microsoft SQL Server\Client SDK\ODBC\170\Tools\Binn\;C:\Windows\Microsoft.NET\Framework64\v4.0.30319;C:\Program Files\ffmpeg\bin;C:\Program Files\ffmpeg\include;C:\Program Files\Go\bin;C:\Program Files\gnuplot\bin;C:\Program Files (x86)\Windows Kits\10\Windows Performance Toolkit\;C:\Program Files\PowerShell\7\;C:\Users\User\AppData\Local\Microsoft\WindowsApps;C:\path_dir;C:\Program Files\7-Zip;C:\Users\User\.dotnet\tools;C:\path_dir\php;D:\C\SDL2\x86_64-w64-mingw32\include;D:\C\OCL\include;C:\Program Files\Microsoft VS Code\bin;C:\Users\User\go\bin
253 [5088] INFO perfrun.launcher <> - set environment variable: COR_ENABLE_PROFILING = 1
253 [5088] INFO perfrun.launcher <> - set environment variable: COR_PROFILER = {AA5E4821-E3B1-479c-B7FF-5AD047D22CED}
253 [5088] INFO perfrun.launcher <> - set environment variable: COMPLUS_ProfAPI_ProfilerCompatibilitySetting = EnableV2Profiler
253 [5088] INFO perfrun.launcher <> - set environment variable: CORECLR_ENABLE_PROFILING = 1
253 [5088] INFO perfrun.launcher <> - set environment variable: CORECLR_PROFILER = {AA5E4821-E3B1-479c-B7FF-5AD047D22CED}
253 [5088] INFO perfrun.launcher <> - set environment variable: CORECLR_PROFILER_PATH = C:\Program Files (x86)\Intel\oneAPI\vtune\2025.7\bin64/amplxe_samplingmrte_clrprof_1.0.dll
253 [5088] INFO perfrun.launcher <> - set environment variable: INTEL_MRTE_PROFILER_MODE = mixed
253 [5088] INFO perfrun.launcher <> - RpcServer: run RPC server to handle requests
256 [5088] INFO perfrun.sdk <> - IProcessUtil: the given executable 'D:\mipt\list\opt_proj\a.exe' is valid.
256 [5088] INFO perfrun.launcher <> - Launcher: command line to start before modification = D:\mipt\list\opt_proj\a.exe
258 [5088] INFO perfrun.launcher <> - Launcher: command line to start after modification = C:\Program Files (x86)\Intel\oneAPI\vtune\2025.7\bin64\pin.exe -error_file D:\mipt\list\opt_proj\superlist\r007hs\data.0\pinerr.tpsslog -detach_reattach -probe -follow_execv -p32 C:\Program Files (x86)\Intel\oneAPI\vtune\2025.7\bin32\pin.exe -p64 C:\Program Files (x86)\Intel\oneAPI\vtune\2025.7\bin64\pin.exe -t64 C:\Program Files (x86)\Intel\oneAPI\vtune\2025.7\bin64\tpsstool.dll -t C:\Program Files (x86)\Intel\oneAPI\vtune\2025.7\bin32\tpsstool.dll -server_name tpss_ipc.3260 -prd_dir C:\Program Files (x86)\Intel\oneAPI\vtune\2025.7 -- D:\mipt\list\opt_proj\a.exe
258 [5088] INFO perfrun.launcher <> - ProcessCreator object was created
260 [5088] INFO perfrun.launcher <> - Launcher: the process was started in suspend mode
261 [5620] INFO perfrun.itt <> - start itt controller for pid #10424
264 [5620] INFO perfrun.sdk <> - runCmd: "C:\Program Files (x86)\Intel\oneAPI\vtune\2025.7\bin64\emon.exe" -M
267 [5620] INFO perfrun.sdk <> - runCmd started PID 3016
329 [5620] INFO perfrun.sdk <> - runCmd: "C:\Program Files (x86)\Intel\oneAPI\vtune\2025.7\bin64\emon.exe" -v
330 [5620] INFO perfrun.sdk <> - runCmd started PID 6364
400 [5620] INFO perfrun.sdk <> - runCmd: "C:\Program Files (x86)\Intel\oneAPI\vtune\2025.7\bin64\sep.exe" -dry-run -ec CPU_CLK_UNHALTED.THREAD,CPU_CLK_UNHALTED.REF_TSC:sample:sa=3302000,INST_RETIRED.ANY:sample:sa=3302000,CPU_CLK_UNHALTED.DISTRIBUTED,FP_ARITH_INST_RETIRED.SCALAR_SINGLE,FP_ARITH_INST_RETIRED.128B_PACKED_SINGLE,FP_ARITH_INST_RETIRED.256B_PACKED_SINGLE,FP_ARITH_INST_RETIRED.SCALAR_DOUBLE,FP_ARITH_INST_RETIRED.128B_PACKED_DOUBLE,FP_ARITH_INST_RETIRED.256B_PACKED_DOUBLE,UOPS_EXECUTED.X87,UOPS_RETIRED.SLOTS,UOPS_EXECUTED.THREAD,TOPDOWN.SLOTS:perf_metrics:sample:sa=2000003 -experimental
402 [5620] INFO perfrun.sdk <> - runCmd started PID 10032
473 [5620] INFO perfrun.emon <> - Spawned collector thread
473 [11948] INFO perfrun.sdk <> - runCmd: "C:\Program Files (x86)\Intel\oneAPI\vtune\2025.7\bin64\emon.exe" -u -t 0.050 -l0 -C CPU_CLK_UNHALTED.DISTRIBUTED,CPU_CLK_UNHALTED.REF_TSC,CPU_CLK_UNHALTED.THREAD,FP_ARITH_INST_RETIRED.128B_PACKED_DOUBLE,FP_ARITH_INST_RETIRED.128B_PACKED_SINGLE,FP_ARITH_INST_RETIRED.256B_PACKED_DOUBLE,FP_ARITH_INST_RETIRED.256B_PACKED_SINGLE,FP_ARITH_INST_RETIRED.SCALAR_DOUBLE,FP_ARITH_INST_RETIRED.SCALAR_SINGLE,INST_RETIRED.ANY,TOPDOWN.SLOTS:perf_metrics,UOPS_EXECUTED.THREAD,UOPS_EXECUTED.X87,UOPS_RETIRED.SLOTS -experimental
475 [11948] INFO perfrun.sdk <> - runCmd started PID 5332
538 [11948] WARN perfrun.launcher <> - Messenger::say: EMON Collector Message: Event TOPDOWN.SLOTS:perf_metrics discarded since the event is invalid or the device does not exist.
911 [5620] INFO perfrun.tpss <> - start tpss controller for pid #10424
979 [5088] INFO perfrun.launcher <> - Launcher: all plugins were started
979 [5088] INFO perfrun.launcher <> - DirectoryMonitor object was created
979 [5088] INFO perfrun.launcher <> - DirectoryMonitor: a callback was added
979 [5088] INFO perfrun.launcher <> - DirectoryMonitor was started with pingTime = 1000
979 [5088] INFO perfrun.launcher <> - DeadlineTimer is going to be constructed
979 [5088] INFO perfrun.launcher <> - DeadlineTimer: a callback was added
984 [5088] INFO perfrun.launcher <> - Launcher: resume the profiled application and  wait its termination or stop command
9707 [5088] INFO perfrun.launcher <> - Launcher: the profiled application was terminated  with exit code = 0
9721 [5620] INFO perfrun.itt <> - detach itt controller
9721 [5620] INFO perfrun.itt <> - detach itt controller done
9721 [5620] INFO perfrun.sdk <> - runCmd: "C:\Program Files (x86)\Intel\oneAPI\vtune\2025.7\bin64\emon.exe" -stop
9723 [5620] INFO perfrun.sdk <> - runCmd started PID 15572
9944 [5620] INFO perfrun.emon <> - EMON collector successfully stopped.

9964 [11948] WARN perfrun.emon_output <> - TimeKeeper: the time is being asked while the time keeper object is armed. This may mean that the time for the last group is getting reused as the time for this group
9964 [11948] INFO perfrun.emon_output <> - Collector process exited successfully
9965 [5620] INFO perfrun.tpss <> - stop tpss controller
9965 [5620] INFO perfrun.sdk <> - De-allocating TMU: D:\mipt\list\opt_proj\superlist\r007hs\data.0\systemcollector-3260-DESKTOP-07MDIV5.sc
9988 [5620] INFO perfrun.system <> - closed the system trace file: D:\mipt\list\opt_proj\superlist\r007hs\data.0\systemcollector-3260-DESKTOP-07MDIV5.sc
9988 [5088] INFO perfrun.launcher <> - Launcher: all plugins were stopped.
9989 [5088] INFO perfrun.launcher <> - DeadlineTimer is going to be destroyed
9989 [5088] INFO perfrun.launcher <> - DeadlineTimer was destroyed
9989 [5088] INFO perfrun.launcher <> - DirectoryMonitor object was destroyed
9989 [5088] WARN perfrun.launcher <> - Stop command is ignored because it is received when collection is already stopped, at file: vcs\perfrun1\launcher\src\command_handler.cpp:226
9990 [5088] INFO perfrun.launcher <> - Application exit code: 0
9990 [5088] INFO perfrun.launcher <> - Exit code: 0
