47 [16288] INFO perfrun.launcher <> - Launcher main begin
50 [16288] INFO perfrun.launcher <> - MessageCatalogInit finished
50 [16288] INFO perfrun.launcher <> - Launcher instance created
50 [16288] INFO perfrun.launcher <> - argc = 7; cmdline = C:\Program Files (x86)\Intel\oneAPI\vtune\2025.7\bin64\amplxe-runss.exe --ui-output-format xml --ui-output-fd 1240 --option-file D:\mipt\list\opt_proj\superlist\r013hs\config\runss.options 
60 [16288] INFO perfrun.launcher <> - New signal handler callback was added
86 [16288] INFO perfrun.perfcollector <> - SEP tool path: C:\Program Files (x86)\Intel\oneAPI\vtune\2025.7\bin64\sep.exe
94 [16288] INFO perfrun.launcher <> - create msngr2::ICliToolContext
96 [16288] INFO perfrun.launcher <> - create file finder object
96 [16288] INFO perfrun.launcher <> - create a result directory: pattern = D:\mipt\list\opt_proj\superlist\r013hs pid = 4294967295
98 [16288] INFO perfrun.launcher <> - create data directory = D:\mipt\list\opt_proj\superlist\r013hs\data.0
99 [16288] INFO perfrun.launcher <> - Creating the master collection flag
102 [16288] INFO perfrun.launcher <> - Done creating the master collection flag
102 [13328] INFO perfrun.launcher <> - plugin [remoteplug] was disabled because it doesn't support the given collection type.
103 [13328] INFO perfrun.sdk <> - Allocating TMU :D:\mipt\list\opt_proj\superlist\r013hs\data.0\systemcollector-4380-DESKTOP-07MDIV5.sc
103 [13328] INFO perfrun.launcher <> - plugin [] was disabled because it doesn't support the given collection type.
105 [13328] INFO perfrun.launcher <> - plugin [] was disabled because it doesn't support the given collection type.
105 [13328] INFO perfrun.launcher <> - plugin [gpu] was disabled because it doesn't support the given collection type.
105 [13328] INFO perfrun.launcher <> - plugin [etw.kernel] was disabled because it doesn't support the given collection type.
105 [13328] INFO perfrun.launcher <> - plugin [etw.dx] was disabled because it doesn't support the given collection type.
105 [13328] INFO perfrun.launcher <> - plugin [etw.wsa] was disabled because it doesn't support the given collection type.
105 [13328] INFO perfrun.mrte <> - system-wide mode is 0
105 [13328] INFO perfrun.mrte <> - Getting  mrte profiling environment ...
119 [13328] INFO perfrun.mrte <> - INTEL_MRTE_DATA_DIR=D:\mipt\list\opt_proj\superlist\r013hs\data.0
119 [13328] INFO perfrun.mrte <> - INTEL_MRTE_HOST_NAME=DESKTOP-07MDIV5
119 [13328] INFO perfrun.mrte <> - JAVA_TOOL_OPTIONS=-agentlib:amplxe_samplingmrte_javaprof_1.0
119 [13328] INFO perfrun.mrte <> - PATH=C:\Program Files (x86)\Intel\oneAPI\vtune\2025.7\bin32\runtime;C:\Program Files (x86)\Intel\oneAPI\vtune\2025.7\bin64\runtime;C:\Program Files\Common Files\Oracle\Java\javapath;D:\C\vulkanSDK\Bin;C:\Windows\System32\Wbem;C:\Windows\System32\WindowsPowerShell\v1.0\;C:\Windows\System32\OpenSSH\;C:\Users\User\AppData\Local\Programs\Python\Python310;C:\Program Files (x86)\NVIDIA Corporation\PhysX\Common;C:\Program Files\Git\cmd;C:\Program Files\CodeBlocks\MinGW\bin;C:\WINDOWS\system32;C:\Program Files\NVIDIA Corporation\NVIDIA NvDLISR;C:\Program Files\CMake\bin;C:\Program Files\dotnet\;C:\Users\User\AppData\Local\Programs\Python\Python310\Scripts;C:\WINDOWS\system32;C:\WINDOWS;C:\Program Files\LLVM\bin;C:\Program Files\Microsoft SQL Server\150\Tools\Binn\;C:\Program Files\Microsoft SQL Server\Client SDK\ODBC\170\Tools\Binn\;C:\Windows\Microsoft.NET\Framework64\v4.0.30319;C:\Program Files\ffmpeg\bin;C:\Program Files\ffmpeg\include;C:\Program Files\Go\bin;C:\Program Files\gnuplot\bin;C:\Program Files (x86)\Windows Kits\10\Windows Performance Toolkit\;C:\Program Files\PowerShell\7\;C:\Users\User\AppData\Local\Microsoft\WindowsApps;C:\path_dir;C:\Program Files\7-Zip;C:\Users\User\.dotnet\tools;C:\path_dir\php;D:\C\SDL2\x86_64-w64-mingw32\include;D:\C\OCL\include;C:\Program Files\Microsoft VS Code\bin;C:\Users\User\go\bin
119 [13328] INFO perfrun.mrte <> - COR_ENABLE_PROFILING=1
119 [13328] INFO perfrun.mrte <> - COR_PROFILER={AA5E4821-E3B1-479c-B7FF-5AD047D22CED}
119 [13328] INFO perfrun.mrte <> - COMPLUS_ProfAPI_ProfilerCompatibilitySetting=EnableV2Profiler
119 [13328] INFO perfrun.mrte <> - CORECLR_ENABLE_PROFILING=1
119 [13328] INFO perfrun.mrte <> - CORECLR_PROFILER={AA5E4821-E3B1-479c-B7FF-5AD047D22CED}
119 [13328] INFO perfrun.mrte <> - CORECLR_PROFILER_PATH=C:\Program Files (x86)\Intel\oneAPI\vtune\2025.7\bin64/amplxe_samplingmrte_clrprof_1.0.dll
119 [13328] INFO perfrun.mrte <> - INTEL_MRTE_PROFILER_MODE=mixed
119 [13328] INFO perfrun.mrte <> - Data directory: D:\mipt\list\opt_proj\superlist\r013hs\data.0
119 [13328] INFO perfrun.mrte <> - Mrte plugin is initialized
119 [13328] INFO perfrun.sdk <> - runCmd: "C:\Program Files (x86)\Intel\oneAPI\vtune\2025.7\bin64\emon.exe" -v
121 [13328] INFO perfrun.sdk <> - runCmd started PID 1368
210 [13328] INFO perfrun.emon <> - Extracted TSC Frequency = 3.3024e+09 from emon -v
210 [13328] INFO perfrun.metrics <> - PMU type is alderlake_goldencove
210 [13328] INFO perfrun.launcher <> - plugin [cuscol] was disabled because it doesn't support the given collection type.
210 [13328] INFO perfrun.launcher <> - plugin [stdsrc] was disabled because it doesn't support the given collection type.
210 [13328] INFO perfrun.launcher <> - plugin [sep] was disabled because it doesn't support the given collection type.
210 [13328] INFO perfrun.launcher <> - plugin [vtsspp] was disabled because it doesn't support the given collection type.
210 [13328] INFO perfrun.launcher <> - plugin [perf] was disabled because it doesn't support the given collection type.
210 [13328] INFO perfrun.launcher <> - plugin [aoclprofile] was disabled because it doesn't support the given collection type.
210 [13328] INFO perfrun.tpss <> - initialize tpss controller
210 [13328] INFO perfrun.tpss <> - configure collection mode: value = cpu:counters:nostack
210 [13328] INFO perfrun.tpss <> - configure collection mode: value = cpu:stack
210 [13328] INFO perfrun.tpss <> - default obj-size-min=1024
210 [13328] INFO perfrun.tpss <> - default hash-table-size=0
210 [13328] INFO perfrun.launcher <> - plugin [] was disabled because it doesn't support the given collection type.
210 [13328] INFO perfrun.launcher <> - plugin [] was disabled because it doesn't support the given collection type.
210 [13328] INFO perfrun.launcher <> - plugin [] was disabled because it doesn't support the given collection type.
210 [13328] INFO perfrun.launcher <> - plugin [] was disabled because it doesn't support the given collection type.
210 [13328] INFO perfrun.launcher <> - plugin [power] was disabled because it doesn't support the given collection type.
210 [13328] INFO perfrun.launcher <> - plugin [] was disabled because it doesn't support the given collection type.
210 [13328] INFO perfrun.launcher <> - plugin [] was disabled because it doesn't support the given collection type.
210 [13328] INFO perfrun.launcher <> - plugin [] was disabled because it doesn't support the given collection type.
210 [13328] INFO perfrun.launcher <> - plugin [l0_metrics] was disabled because it doesn't support the given collection type.
210 [13328] INFO perfrun.launcher <> - plugin [stall_reasons] was disabled because it doesn't support the given collection type.
210 [16288] INFO perfrun.launcher <> - set environment variable: PATH = C:\Program Files (x86)\Intel\oneAPI\vtune\2025.7\bin32\runtime;C:\Program Files (x86)\Intel\oneAPI\vtune\2025.7\bin64\runtime;C:\Program Files\Common Files\Oracle\Java\javapath;D:\C\vulkanSDK\Bin;C:\Windows\System32\Wbem;C:\Windows\System32\WindowsPowerShell\v1.0\;C:\Windows\System32\OpenSSH\;C:\Users\User\AppData\Local\Programs\Python\Python310;C:\Program Files (x86)\NVIDIA Corporation\PhysX\Common;C:\Program Files\Git\cmd;C:\Program Files\CodeBlocks\MinGW\bin;C:\WINDOWS\system32;C:\Program Files\NVIDIA Corporation\NVIDIA NvDLISR;C:\Program Files\CMake\bin;C:\Program Files\dotnet\;C:\Users\User\AppData\Local\Programs\Python\Python310\Scripts;C:\WINDOWS\system32;C:\WINDOWS;C:\Program Files\LLVM\bin;C:\Program Files\Microsoft SQL Server\150\Tools\Binn\;C:\Program Files\Microsoft SQL Server\Client SDK\ODBC\170\Tools\Binn\;C:\Windows\Microsoft.NET\Framework64\v4.0.30319;C:\Program Files\ffmpeg\bin;C:\Program Files\ffmpeg\include;C:\Program Files\Go\bin;C:\Program Files\gnuplot\bin;C:\Program Files (x86)\Windows Kits\10\Windows Performance Toolkit\;C:\Program Files\PowerShell\7\;C:\Users\User\AppData\Local\Microsoft\WindowsApps;C:\path_dir;C:\Program Files\7-Zip;C:\Users\User\.dotnet\tools;C:\path_dir\php;D:\C\SDL2\x86_64-w64-mingw32\include;D:\C\OCL\include;C:\Program Files\Microsoft VS Code\bin;C:\Users\User\go\bin
211 [16288] INFO perfrun.launcher <> - set environment variable: INTEL_LIBITTNOTIFY32 = C:\Program Files (x86)\Intel\oneAPI\vtune\2025.7\bin32\runtime\ittnotify_collector.dll
211 [16288] INFO perfrun.launcher <> - set environment variable: INTEL_LIBITTNOTIFY64 = C:\Program Files (x86)\Intel\oneAPI\vtune\2025.7\bin64\runtime\ittnotify_collector.dll
211 [16288] INFO perfrun.launcher <> - set environment variable: INTEL_ITTNOTIFY_GROUPS = 
211 [16288] INFO perfrun.launcher <> - set environment variable: INTEL_JIT_PROFILER32 = C:\Program Files (x86)\Intel\oneAPI\vtune\2025.7\bin32\runtime\ittnotify_collector.dll
211 [16288] INFO perfrun.launcher <> - set environment variable: INTEL_JIT_PROFILER64 = C:\Program Files (x86)\Intel\oneAPI\vtune\2025.7\bin64\runtime\ittnotify_collector.dll
211 [16288] INFO perfrun.launcher <> - set environment variable: CCL_ITT_LEVEL = 1
211 [16288] INFO perfrun.launcher <> - set environment variable: ENABLE_JITPROFILING = 1
211 [16288] INFO perfrun.launcher <> - set environment variable: CL_CONFIG_USE_VTUNE = True
211 [16288] INFO perfrun.launcher <> - set environment variable: KMP_FORKJOIN_FRAMES = 0
211 [16288] INFO perfrun.launcher <> - set environment variable: KMP_FORKJOIN_FRAMES_MODE = 0
211 [16288] INFO perfrun.launcher <> - set environment variable: INTEL_MRTE_DATA_DIR = D:\mipt\list\opt_proj\superlist\r013hs\data.0
211 [16288] INFO perfrun.launcher <> - set environment variable: INTEL_MRTE_HOST_NAME = DESKTOP-07MDIV5
211 [16288] INFO perfrun.launcher <> - set environment variable: JAVA_TOOL_OPTIONS = -agentlib:amplxe_samplingmrte_javaprof_1.0
211 [16288] INFO perfrun.launcher <> - set environment variable: PATH = C:\Program Files (x86)\Intel\oneAPI\vtune\2025.7\bin32\runtime;C:\Program Files (x86)\Intel\oneAPI\vtune\2025.7\bin64\runtime;C:\Program Files\Common Files\Oracle\Java\javapath;D:\C\vulkanSDK\Bin;C:\Windows\System32\Wbem;C:\Windows\System32\WindowsPowerShell\v1.0\;C:\Windows\System32\OpenSSH\;C:\Users\User\AppData\Local\Programs\Python\Python310;C:\Program Files (x86)\NVIDIA Corporation\PhysX\Common;C:\Program Files\Git\cmd;C:\Program Files\CodeBlocks\MinGW\bin;C:\WINDOWS\system32;C:\Program Files\NVIDIA Corporation\NVIDIA NvDLISR;C:\Program Files\CMake\bin;C:\Program Files\dotnet\;C:\Users\User\AppData\Local\Programs\Python\Python310\Scripts;C:\WINDOWS\system32;C:\WINDOWS;C:\Program Files\LLVM\bin;C:\Program Files\Microsoft SQL Server\150\Tools\Binn\;C:\Program Files\Microsoft SQL Server\Client SDK\ODBC\170\Tools\Binn\;C:\Windows\Microsoft.NET\Framework64\v4.0.30319;C:\Program Files\ffmpeg\bin;C:\Program Files\ffmpeg\include;C:\Program Files\Go\bin;C:\Program Files\gnuplot\bin;C:\Program Files (x86)\Windows Kits\10\Windows Performance Toolkit\;C:\Program Files\PowerShell\7\;C:\Users\User\AppData\Local\Microsoft\WindowsApps;C:\path_dir;C:\Program Files\7-Zip;C:\Users\User\.dotnet\tools;C:\path_dir\php;D:\C\SDL2\x86_64-w64-mingw32\include;D:\C\OCL\include;C:\Program Files\Microsoft VS Code\bin;C:\Users\User\go\bin
211 [16288] INFO perfrun.launcher <> - set environment variable: COR_ENABLE_PROFILING = 1
211 [16288] INFO perfrun.launcher <> - set environment variable: COR_PROFILER = {AA5E4821-E3B1-479c-B7FF-5AD047D22CED}
211 [16288] INFO perfrun.launcher <> - set environment variable: COMPLUS_ProfAPI_ProfilerCompatibilitySetting = EnableV2Profiler
211 [16288] INFO perfrun.launcher <> - set environment variable: CORECLR_ENABLE_PROFILING = 1
211 [16288] INFO perfrun.launcher <> - set environment variable: CORECLR_PROFILER = {AA5E4821-E3B1-479c-B7FF-5AD047D22CED}
211 [16288] INFO perfrun.launcher <> - set environment variable: CORECLR_PROFILER_PATH = C:\Program Files (x86)\Intel\oneAPI\vtune\2025.7\bin64/amplxe_samplingmrte_clrprof_1.0.dll
212 [16288] INFO perfrun.launcher <> - set environment variable: INTEL_MRTE_PROFILER_MODE = mixed
212 [16288] INFO perfrun.launcher <> - RpcServer: run RPC server to handle requests
216 [16288] INFO perfrun.sdk <> - IProcessUtil: the given executable 'D:\mipt\list\opt_proj\a.exe' is valid.
216 [16288] INFO perfrun.launcher <> - Launcher: command line to start before modification = D:\mipt\list\opt_proj\a.exe
217 [16288] INFO perfrun.launcher <> - Launcher: command line to start after modification = C:\Program Files (x86)\Intel\oneAPI\vtune\2025.7\bin64\pin.exe -error_file D:\mipt\list\opt_proj\superlist\r013hs\data.0\pinerr.tpsslog -detach_reattach -probe -follow_execv -p32 C:\Program Files (x86)\Intel\oneAPI\vtune\2025.7\bin32\pin.exe -p64 C:\Program Files (x86)\Intel\oneAPI\vtune\2025.7\bin64\pin.exe -t64 C:\Program Files (x86)\Intel\oneAPI\vtune\2025.7\bin64\tpsstool.dll -t C:\Program Files (x86)\Intel\oneAPI\vtune\2025.7\bin32\tpsstool.dll -server_name tpss_ipc.4380 -prd_dir C:\Program Files (x86)\Intel\oneAPI\vtune\2025.7 -- D:\mipt\list\opt_proj\a.exe
217 [16288] INFO perfrun.launcher <> - ProcessCreator object was created
219 [16288] INFO perfrun.launcher <> - Launcher: the process was started in suspend mode
220 [13328] INFO perfrun.itt <> - start itt controller for pid #9480
222 [13328] INFO perfrun.sdk <> - runCmd: "C:\Program Files (x86)\Intel\oneAPI\vtune\2025.7\bin64\emon.exe" -M
223 [13328] INFO perfrun.sdk <> - runCmd started PID 11836
293 [13328] INFO perfrun.sdk <> - runCmd: "C:\Program Files (x86)\Intel\oneAPI\vtune\2025.7\bin64\emon.exe" -v
296 [13328] INFO perfrun.sdk <> - runCmd started PID 14612
472 [13328] INFO perfrun.sdk <> - runCmd: "C:\Program Files (x86)\Intel\oneAPI\vtune\2025.7\bin64\sep.exe" -dry-run -ec CPU_CLK_UNHALTED.THREAD,CPU_CLK_UNHALTED.REF_TSC:sample:sa=3302000,INST_RETIRED.ANY:sample:sa=3302000,CPU_CLK_UNHALTED.DISTRIBUTED,FP_ARITH_INST_RETIRED.SCALAR_SINGLE,FP_ARITH_INST_RETIRED.128B_PACKED_SINGLE,FP_ARITH_INST_RETIRED.256B_PACKED_SINGLE,FP_ARITH_INST_RETIRED.SCALAR_DOUBLE,FP_ARITH_INST_RETIRED.128B_PACKED_DOUBLE,FP_ARITH_INST_RETIRED.256B_PACKED_DOUBLE,UOPS_EXECUTED.X87,UOPS_RETIRED.SLOTS,UOPS_EXECUTED.THREAD,TOPDOWN.SLOTS:perf_metrics:sample:sa=2000003 -experimental
484 [13328] INFO perfrun.sdk <> - runCmd started PID 7448
655 [13328] INFO perfrun.emon <> - Spawned collector thread
655 [9736] INFO perfrun.sdk <> - runCmd: "C:\Program Files (x86)\Intel\oneAPI\vtune\2025.7\bin64\emon.exe" -u -t 0.050 -l0 -C CPU_CLK_UNHALTED.DISTRIBUTED,CPU_CLK_UNHALTED.REF_TSC,CPU_CLK_UNHALTED.THREAD,FP_ARITH_INST_RETIRED.128B_PACKED_DOUBLE,FP_ARITH_INST_RETIRED.128B_PACKED_SINGLE,FP_ARITH_INST_RETIRED.256B_PACKED_DOUBLE,FP_ARITH_INST_RETIRED.256B_PACKED_SINGLE,FP_ARITH_INST_RETIRED.SCALAR_DOUBLE,FP_ARITH_INST_RETIRED.SCALAR_SINGLE,INST_RETIRED.ANY,TOPDOWN.SLOTS:perf_metrics,UOPS_EXECUTED.THREAD,UOPS_EXECUTED.X87,UOPS_RETIRED.SLOTS -experimental
657 [9736] INFO perfrun.sdk <> - runCmd started PID 5220
792 [9736] WARN perfrun.launcher <> - Messenger::say: EMON Collector Message: Event TOPDOWN.SLOTS:perf_metrics discarded since the event is invalid or the device does not exist.
1163 [13328] INFO perfrun.tpss <> - start tpss controller for pid #9480
1230 [16288] INFO perfrun.launcher <> - Launcher: all plugins were started
1230 [16288] INFO perfrun.launcher <> - DirectoryMonitor object was created
1230 [16288] INFO perfrun.launcher <> - DirectoryMonitor: a callback was added
1230 [16288] INFO perfrun.launcher <> - DirectoryMonitor was started with pingTime = 1000
1230 [16288] INFO perfrun.launcher <> - DeadlineTimer is going to be constructed
1232 [16288] INFO perfrun.launcher <> - DeadlineTimer: a callback was added
1258 [16288] INFO perfrun.launcher <> - Launcher: resume the profiled application and  wait its termination or stop command
9423 [16288] INFO perfrun.launcher <> - Launcher: the profiled application was terminated  with exit code = 0
9428 [13328] INFO perfrun.itt <> - detach itt controller
9428 [13328] INFO perfrun.itt <> - detach itt controller done
9428 [13328] INFO perfrun.sdk <> - runCmd: "C:\Program Files (x86)\Intel\oneAPI\vtune\2025.7\bin64\emon.exe" -stop
9430 [13328] INFO perfrun.sdk <> - runCmd started PID 13960
9704 [13328] INFO perfrun.emon <> - EMON collector successfully stopped.

9769 [9736] WARN perfrun.emon_output <> - TimeKeeper: the time is being asked while the time keeper object is armed. This may mean that the time for the last group is getting reused as the time for this group
9769 [9736] INFO perfrun.emon_output <> - Collector process exited successfully
9769 [13328] INFO perfrun.tpss <> - stop tpss controller
9770 [13328] INFO perfrun.sdk <> - De-allocating TMU: D:\mipt\list\opt_proj\superlist\r013hs\data.0\systemcollector-4380-DESKTOP-07MDIV5.sc
9792 [13328] INFO perfrun.system <> - closed the system trace file: D:\mipt\list\opt_proj\superlist\r013hs\data.0\systemcollector-4380-DESKTOP-07MDIV5.sc
9793 [16288] INFO perfrun.launcher <> - Launcher: all plugins were stopped.
9793 [16288] INFO perfrun.launcher <> - DeadlineTimer is going to be destroyed
9793 [16288] INFO perfrun.launcher <> - DeadlineTimer was destroyed
9794 [16288] INFO perfrun.launcher <> - DirectoryMonitor object was destroyed
9794 [16288] WARN perfrun.launcher <> - Stop command is ignored because it is received when collection is already stopped, at file: vcs\perfrun1\launcher\src\command_handler.cpp:226
9797 [16288] INFO perfrun.launcher <> - Application exit code: 0
9797 [16288] INFO perfrun.launcher <> - Exit code: 0
