52 [14348] INFO perfrun.launcher <> - Launcher main begin
55 [14348] INFO perfrun.launcher <> - MessageCatalogInit finished
55 [14348] INFO perfrun.launcher <> - Launcher instance created
55 [14348] INFO perfrun.launcher <> - argc = 7; cmdline = C:\Program Files (x86)\Intel\oneAPI\vtune\2025.7\bin64\amplxe-runss.exe --ui-output-format xml --ui-output-fd 1224 --option-file D:\mipt\list\opt_proj\superlist\r005hs\config\runsa.options 
66 [14348] INFO perfrun.launcher <> - New signal handler callback was added
90 [14348] INFO perfrun.perfcollector <> - SEP tool path: C:\Program Files (x86)\Intel\oneAPI\vtune\2025.7\bin64\sep.exe
99 [14348] INFO perfrun.launcher <> - create msngr2::ICliToolContext
100 [14348] INFO perfrun.launcher <> - create file finder object
100 [14348] INFO perfrun.launcher <> - create a result directory: pattern = D:\mipt\list\opt_proj\superlist\r005hs pid = 4294967295
103 [14348] INFO perfrun.launcher <> - create data directory = D:\mipt\list\opt_proj\superlist\r005hs\data.0
103 [14348] INFO perfrun.launcher <> - Creating the master collection flag
107 [14348] INFO perfrun.launcher <> - Done creating the master collection flag
107 [3512] INFO perfrun.launcher <> - plugin [remoteplug] was disabled because it doesn't support the given collection type.
107 [3512] INFO perfrun.sdk <> - Allocating TMU :D:\mipt\list\opt_proj\superlist\r005hs\data.0\systemcollector-14284-DESKTOP-07MDIV5.sc
107 [3512] INFO perfrun.launcher <> - plugin [] was disabled because it doesn't support the given collection type.
109 [3512] INFO perfrun.launcher <> - plugin [] was disabled because it doesn't support the given collection type.
109 [3512] INFO perfrun.launcher <> - plugin [gpu] was disabled because it doesn't support the given collection type.
109 [3512] INFO perfrun.launcher <> - plugin [etw.kernel] was disabled because it doesn't support the given collection type.
109 [3512] INFO perfrun.launcher <> - plugin [etw.dx] was disabled because it doesn't support the given collection type.
109 [3512] INFO perfrun.launcher <> - plugin [etw.wsa] was disabled because it doesn't support the given collection type.
109 [3512] INFO perfrun.mrte <> - system-wide mode is 0
109 [3512] INFO perfrun.mrte <> - Getting  mrte profiling environment ...
123 [3512] INFO perfrun.mrte <> - INTEL_MRTE_DATA_DIR=D:\mipt\list\opt_proj\superlist\r005hs\data.0
123 [3512] INFO perfrun.mrte <> - INTEL_MRTE_HOST_NAME=DESKTOP-07MDIV5
123 [3512] INFO perfrun.mrte <> - JAVA_TOOL_OPTIONS=-agentlib:amplxe_samplingmrte_javaprof_1.0
123 [3512] INFO perfrun.mrte <> - PATH=C:\Program Files (x86)\Intel\oneAPI\vtune\2025.7\bin32\runtime;C:\Program Files (x86)\Intel\oneAPI\vtune\2025.7\bin64\runtime;C:\Program Files\Common Files\Oracle\Java\javapath;D:\C\vulkanSDK\Bin;C:\Windows\System32\Wbem;C:\Windows\System32\WindowsPowerShell\v1.0\;C:\Windows\System32\OpenSSH\;C:\Users\User\AppData\Local\Programs\Python\Python310;C:\Program Files (x86)\NVIDIA Corporation\PhysX\Common;C:\Program Files\Git\cmd;C:\Program Files\CodeBlocks\MinGW\bin;C:\WINDOWS\system32;C:\Program Files\NVIDIA Corporation\NVIDIA NvDLISR;C:\Program Files\CMake\bin;C:\Program Files\dotnet\;C:\Users\User\AppData\Local\Programs\Python\Python310\Scripts;C:\WINDOWS\system32;C:\WINDOWS;C:\Program Files\LLVM\bin;C:\Program Files\Microsoft SQL Server\150\Tools\Binn\;C:\Program Files\Microsoft SQL Server\Client SDK\ODBC\170\Tools\Binn\;C:\Windows\Microsoft.NET\Framework64\v4.0.30319;C:\Program Files\ffmpeg\bin;C:\Program Files\ffmpeg\include;C:\Program Files\Go\bin;C:\Program Files\gnuplot\bin;C:\Program Files (x86)\Windows Kits\10\Windows Performance Toolkit\;C:\Program Files\PowerShell\7\;C:\Users\User\AppData\Local\Microsoft\WindowsApps;C:\path_dir;C:\Program Files\7-Zip;C:\Users\User\.dotnet\tools;C:\path_dir\php;D:\C\SDL2\x86_64-w64-mingw32\include;D:\C\OCL\include;C:\Program Files\Microsoft VS Code\bin;C:\Users\User\go\bin
123 [3512] INFO perfrun.mrte <> - COR_ENABLE_PROFILING=1
123 [3512] INFO perfrun.mrte <> - COR_PROFILER={AA5E4821-E3B1-479c-B7FF-5AD047D22CED}
123 [3512] INFO perfrun.mrte <> - COMPLUS_ProfAPI_ProfilerCompatibilitySetting=EnableV2Profiler
123 [3512] INFO perfrun.mrte <> - CORECLR_ENABLE_PROFILING=1
123 [3512] INFO perfrun.mrte <> - CORECLR_PROFILER={AA5E4821-E3B1-479c-B7FF-5AD047D22CED}
123 [3512] INFO perfrun.mrte <> - CORECLR_PROFILER_PATH=C:\Program Files (x86)\Intel\oneAPI\vtune\2025.7\bin64/amplxe_samplingmrte_clrprof_1.0.dll
123 [3512] INFO perfrun.mrte <> - INTEL_MRTE_PROFILER_MODE=mixed
123 [3512] INFO perfrun.mrte <> - Data directory: D:\mipt\list\opt_proj\superlist\r005hs\data.0
123 [3512] INFO perfrun.mrte <> - Mrte plugin is initialized
123 [3512] INFO perfrun.launcher <> - plugin [emon] was disabled because it doesn't support the given collection type.
123 [3512] INFO perfrun.launcher <> - plugin [cuscol] was disabled because it doesn't support the given collection type.
123 [3512] INFO perfrun.launcher <> - plugin [stdsrc] was disabled because it doesn't support the given collection type.
123 [3512] INFO perfrun.launcher <> - plugin [sep] was disabled because it doesn't support the given collection type.
182 [3512] INFO perfrun.sdk <> - runCmd: "C:\Program Files (x86)\Intel\oneAPI\vtune\2025.7\bin64\sep.exe" -dry-run -ec CPU_CLK_UNHALTED.THREAD,CPU_CLK_UNHALTED.REF_TSC:sample:sa=3302000,INST_RETIRED.ANY:sample:sa=3302000,CPU_CLK_UNHALTED.DISTRIBUTED,TOPDOWN.SLOTS:sample:sa=2000003,UOPS_RETIRED.SLOTS:sample:sa=2000003,TOPDOWN.SLOTS_P:sample:sa=2000003,FP_ARITH_INST_RETIRED.SCALAR_SINGLE,FP_ARITH_INST_RETIRED.128B_PACKED_SINGLE,FP_ARITH_INST_RETIRED.256B_PACKED_SINGLE,FP_ARITH_INST_RETIRED.SCALAR_DOUBLE,FP_ARITH_INST_RETIRED.128B_PACKED_DOUBLE,FP_ARITH_INST_RETIRED.256B_PACKED_DOUBLE,UOPS_EXECUTED.X87,UOPS_EXECUTED.THREAD -experimental
185 [3512] INFO perfrun.sdk <> - runCmd started PID 14464
331 [3512] INFO perfrun.launcher <> - plugin [perf] was disabled because it doesn't support the given collection type.
331 [3512] INFO perfrun.launcher <> - plugin [aoclprofile] was disabled because it doesn't support the given collection type.
331 [3512] INFO perfrun.tpss <> - initialize tpss controller
331 [3512] INFO perfrun.launcher <> - plugin [tpss] was disabled because it doesn't support the given collection type.
331 [3512] INFO perfrun.launcher <> - plugin [] was disabled because it doesn't support the given collection type.
331 [3512] INFO perfrun.launcher <> - plugin [] was disabled because it doesn't support the given collection type.
331 [3512] INFO perfrun.launcher <> - plugin [] was disabled because it doesn't support the given collection type.
331 [3512] INFO perfrun.launcher <> - plugin [] was disabled because it doesn't support the given collection type.
331 [3512] INFO perfrun.launcher <> - plugin [power] was disabled because it doesn't support the given collection type.
331 [3512] INFO perfrun.launcher <> - plugin [] was disabled because it doesn't support the given collection type.
331 [3512] INFO perfrun.launcher <> - plugin [] was disabled because it doesn't support the given collection type.
331 [3512] INFO perfrun.launcher <> - plugin [] was disabled because it doesn't support the given collection type.
331 [3512] INFO perfrun.launcher <> - plugin [l0_metrics] was disabled because it doesn't support the given collection type.
331 [3512] INFO perfrun.launcher <> - plugin [stall_reasons] was disabled because it doesn't support the given collection type.
331 [14348] INFO perfrun.launcher <> - set environment variable: PATH = C:\Program Files (x86)\Intel\oneAPI\vtune\2025.7\bin32\runtime;C:\Program Files (x86)\Intel\oneAPI\vtune\2025.7\bin64\runtime;C:\Program Files\Common Files\Oracle\Java\javapath;D:\C\vulkanSDK\Bin;C:\Windows\System32\Wbem;C:\Windows\System32\WindowsPowerShell\v1.0\;C:\Windows\System32\OpenSSH\;C:\Users\User\AppData\Local\Programs\Python\Python310;C:\Program Files (x86)\NVIDIA Corporation\PhysX\Common;C:\Program Files\Git\cmd;C:\Program Files\CodeBlocks\MinGW\bin;C:\WINDOWS\system32;C:\Program Files\NVIDIA Corporation\NVIDIA NvDLISR;C:\Program Files\CMake\bin;C:\Program Files\dotnet\;C:\Users\User\AppData\Local\Programs\Python\Python310\Scripts;C:\WINDOWS\system32;C:\WINDOWS;C:\Program Files\LLVM\bin;C:\Program Files\Microsoft SQL Server\150\Tools\Binn\;C:\Program Files\Microsoft SQL Server\Client SDK\ODBC\170\Tools\Binn\;C:\Windows\Microsoft.NET\Framework64\v4.0.30319;C:\Program Files\ffmpeg\bin;C:\Program Files\ffmpeg\include;C:\Program Files\Go\bin;C:\Program Files\gnuplot\bin;C:\Program Files (x86)\Windows Kits\10\Windows Performance Toolkit\;C:\Program Files\PowerShell\7\;C:\Users\User\AppData\Local\Microsoft\WindowsApps;C:\path_dir;C:\Program Files\7-Zip;C:\Users\User\.dotnet\tools;C:\path_dir\php;D:\C\SDL2\x86_64-w64-mingw32\include;D:\C\OCL\include;C:\Program Files\Microsoft VS Code\bin;C:\Users\User\go\bin
332 [14348] INFO perfrun.launcher <> - set environment variable: INTEL_LIBITTNOTIFY32 = C:\Program Files (x86)\Intel\oneAPI\vtune\2025.7\bin32\runtime\ittnotify_collector.dll
332 [14348] INFO perfrun.launcher <> - set environment variable: INTEL_LIBITTNOTIFY64 = C:\Program Files (x86)\Intel\oneAPI\vtune\2025.7\bin64\runtime\ittnotify_collector.dll
332 [14348] INFO perfrun.launcher <> - set environment variable: INTEL_ITTNOTIFY_GROUPS = 
332 [14348] INFO perfrun.launcher <> - set environment variable: INTEL_JIT_PROFILER32 = C:\Program Files (x86)\Intel\oneAPI\vtune\2025.7\bin32\runtime\ittnotify_collector.dll
332 [14348] INFO perfrun.launcher <> - set environment variable: INTEL_JIT_PROFILER64 = C:\Program Files (x86)\Intel\oneAPI\vtune\2025.7\bin64\runtime\ittnotify_collector.dll
333 [14348] INFO perfrun.launcher <> - set environment variable: CCL_ITT_LEVEL = 1
333 [14348] INFO perfrun.launcher <> - set environment variable: ENABLE_JITPROFILING = 1
333 [14348] INFO perfrun.launcher <> - set environment variable: CL_CONFIG_USE_VTUNE = True
333 [14348] INFO perfrun.launcher <> - set environment variable: KMP_FORKJOIN_FRAMES = 0
333 [14348] INFO perfrun.launcher <> - set environment variable: KMP_FORKJOIN_FRAMES_MODE = 0
333 [14348] INFO perfrun.launcher <> - set environment variable: INTEL_MRTE_DATA_DIR = D:\mipt\list\opt_proj\superlist\r005hs\data.0
334 [14348] INFO perfrun.launcher <> - set environment variable: INTEL_MRTE_HOST_NAME = DESKTOP-07MDIV5
334 [14348] INFO perfrun.launcher <> - set environment variable: JAVA_TOOL_OPTIONS = -agentlib:amplxe_samplingmrte_javaprof_1.0
334 [14348] INFO perfrun.launcher <> - set environment variable: PATH = C:\Program Files (x86)\Intel\oneAPI\vtune\2025.7\bin32\runtime;C:\Program Files (x86)\Intel\oneAPI\vtune\2025.7\bin64\runtime;C:\Program Files\Common Files\Oracle\Java\javapath;D:\C\vulkanSDK\Bin;C:\Windows\System32\Wbem;C:\Windows\System32\WindowsPowerShell\v1.0\;C:\Windows\System32\OpenSSH\;C:\Users\User\AppData\Local\Programs\Python\Python310;C:\Program Files (x86)\NVIDIA Corporation\PhysX\Common;C:\Program Files\Git\cmd;C:\Program Files\CodeBlocks\MinGW\bin;C:\WINDOWS\system32;C:\Program Files\NVIDIA Corporation\NVIDIA NvDLISR;C:\Program Files\CMake\bin;C:\Program Files\dotnet\;C:\Users\User\AppData\Local\Programs\Python\Python310\Scripts;C:\WINDOWS\system32;C:\WINDOWS;C:\Program Files\LLVM\bin;C:\Program Files\Microsoft SQL Server\150\Tools\Binn\;C:\Program Files\Microsoft SQL Server\Client SDK\ODBC\170\Tools\Binn\;C:\Windows\Microsoft.NET\Framework64\v4.0.30319;C:\Program Files\ffmpeg\bin;C:\Program Files\ffmpeg\include;C:\Program Files\Go\bin;C:\Program Files\gnuplot\bin;C:\Program Files (x86)\Windows Kits\10\Windows Performance Toolkit\;C:\Program Files\PowerShell\7\;C:\Users\User\AppData\Local\Microsoft\WindowsApps;C:\path_dir;C:\Program Files\7-Zip;C:\Users\User\.dotnet\tools;C:\path_dir\php;D:\C\SDL2\x86_64-w64-mingw32\include;D:\C\OCL\include;C:\Program Files\Microsoft VS Code\bin;C:\Users\User\go\bin
335 [14348] INFO perfrun.launcher <> - set environment variable: COR_ENABLE_PROFILING = 1
336 [14348] INFO perfrun.launcher <> - set environment variable: COR_PROFILER = {AA5E4821-E3B1-479c-B7FF-5AD047D22CED}
336 [14348] INFO perfrun.launcher <> - set environment variable: COMPLUS_ProfAPI_ProfilerCompatibilitySetting = EnableV2Profiler
336 [14348] INFO perfrun.launcher <> - set environment variable: CORECLR_ENABLE_PROFILING = 1
336 [14348] INFO perfrun.launcher <> - set environment variable: CORECLR_PROFILER = {AA5E4821-E3B1-479c-B7FF-5AD047D22CED}
336 [14348] INFO perfrun.launcher <> - set environment variable: CORECLR_PROFILER_PATH = C:\Program Files (x86)\Intel\oneAPI\vtune\2025.7\bin64/amplxe_samplingmrte_clrprof_1.0.dll
337 [14348] INFO perfrun.launcher <> - set environment variable: INTEL_MRTE_PROFILER_MODE = mixed
337 [14348] INFO perfrun.launcher <> - RpcServer: run RPC server to handle requests
351 [14348] INFO perfrun.sdk <> - IProcessUtil: the given executable 'D:\mipt\list\opt_proj\a.exe' is valid.
351 [14348] INFO perfrun.launcher <> - Launcher: command line to start before modification = D:\mipt\list\opt_proj\a.exe
352 [14348] INFO perfrun.launcher <> - Launcher: command line to start after modification = D:\mipt\list\opt_proj\a.exe
352 [14348] INFO perfrun.launcher <> - ProcessCreator object was created
360 [14348] INFO perfrun.launcher <> - Launcher: the process was started in suspend mode
370 [3512] INFO perfrun.itt <> - start itt controller for pid #14728
372 [3512] INFO perfrun.vtsspp <> - event: INST_RETIRED.ANY: id = 2, group = 0, pmu = 0, ctrl = 38d/333, data = 309/ffffffcd9d90, escr = 0/0, selextVal = 0
372 [3512] INFO perfrun.vtsspp <> - event: CPU_CLK_UNHALTED.THREAD: id = 0, group = 0, pmu = 0, ctrl = 38d/333, data = 30a/ffffffe17b7d, escr = 0/0, selextVal = 0
373 [3512] INFO perfrun.vtsspp <> - event: CPU_CLK_UNHALTED.REF_TSC: id = 1, group = 0, pmu = 0, ctrl = 38d/333, data = 30b/ffffffcd9d90, escr = 0/0, selextVal = 0
373 [3512] INFO perfrun.vtsspp <> - event: CPU_CLK_UNHALTED.DISTRIBUTED: id = 3, group = 0, pmu = 0, ctrl = 186/4302ec, data = c1/ffffffe17b7d, escr = 0/0, selextVal = 0
373 [3512] INFO perfrun.vtsspp <> - event: UOPS_RETIRED.SLOTS: id = 5, group = 0, pmu = 0, ctrl = 187/4302c2, data = c2/ffffffe17b7d, escr = 0/0, selextVal = 0
373 [3512] INFO perfrun.vtsspp <> - event: TOPDOWN.SLOTS_P: id = 6, group = 0, pmu = 0, ctrl = 188/4301a4, data = c3/ffffffe17b7d, escr = 0/0, selextVal = 0
373 [3512] INFO perfrun.vtsspp <> - event: FP_ARITH_INST_RETIRED.SCALAR_SINGLE: id = 7, group = 0, pmu = 0, ctrl = 189/4302c7, data = c4/fffffffe795d, escr = 0/0, selextVal = 0
373 [3512] INFO perfrun.vtsspp <> - event: FP_ARITH_INST_RETIRED.128B_PACKED_SINGLE: id = 8, group = 0, pmu = 0, ctrl = 18a/4308c7, data = c5/fffffffe795d, escr = 0/0, selextVal = 0
373 [3512] INFO perfrun.vtsspp <> - event: FP_ARITH_INST_RETIRED.256B_PACKED_SINGLE: id = 9, group = 0, pmu = 0, ctrl = 18b/4320c7, data = c6/fffffffe795d, escr = 0/0, selextVal = 0
373 [3512] INFO perfrun.vtsspp <> - event: FP_ARITH_INST_RETIRED.SCALAR_DOUBLE: id = 10, group = 0, pmu = 0, ctrl = 18c/4301c7, data = c7/fffffffe795d, escr = 0/0, selextVal = 0
373 [3512] INFO perfrun.vtsspp <> - event: FP_ARITH_INST_RETIRED.128B_PACKED_DOUBLE: id = 11, group = 0, pmu = 0, ctrl = 18d/4304c7, data = c8/fffffffe795d, escr = 0/0, selextVal = 0
373 [3512] INFO perfrun.vtsspp <> - event: INST_RETIRED.ANY: id = 2, group = 1, pmu = 0, ctrl = 38d/333, data = 309/ffffffcd9d90, escr = 0/0, selextVal = 0
373 [3512] INFO perfrun.vtsspp <> - event: CPU_CLK_UNHALTED.THREAD: id = 0, group = 1, pmu = 0, ctrl = 38d/333, data = 30a/ffffffe17b7d, escr = 0/0, selextVal = 0
373 [3512] INFO perfrun.vtsspp <> - event: CPU_CLK_UNHALTED.REF_TSC: id = 1, group = 1, pmu = 0, ctrl = 38d/333, data = 30b/ffffffcd9d90, escr = 0/0, selextVal = 0
373 [3512] INFO perfrun.vtsspp <> - event: FP_ARITH_INST_RETIRED.256B_PACKED_DOUBLE: id = 12, group = 1, pmu = 0, ctrl = 186/4310c7, data = c1/fffffffe795d, escr = 0/0, selextVal = 0
373 [3512] INFO perfrun.vtsspp <> - event: UOPS_EXECUTED.X87: id = 13, group = 1, pmu = 0, ctrl = 187/4310b1, data = c2/ffffffe17b7d, escr = 0/0, selextVal = 0
373 [3512] INFO perfrun.vtsspp <> - event: UOPS_EXECUTED.THREAD: id = 14, group = 1, pmu = 0, ctrl = 188/4301b1, data = c3/ffffffe17b7d, escr = 0/0, selextVal = 0
514 [14348] INFO perfrun.launcher <> - Launcher: all plugins were started
514 [14348] INFO perfrun.launcher <> - DirectoryMonitor object was created
514 [14348] INFO perfrun.launcher <> - DirectoryMonitor: a callback was added
514 [14348] INFO perfrun.launcher <> - DirectoryMonitor was started with pingTime = 1000
514 [14348] INFO perfrun.launcher <> - DeadlineTimer is going to be constructed
515 [14348] INFO perfrun.launcher <> - DeadlineTimer: a callback was added
519 [14348] INFO perfrun.launcher <> - Launcher: resume the profiled application and  wait its termination or stop command
12856 [14348] INFO perfrun.launcher <> - Launcher: the profiled application was terminated  with exit code = 0
12870 [3512] INFO perfrun.itt <> - detach itt controller
12870 [3512] INFO perfrun.itt <> - detach itt controller done
12871 [3512] INFO perfrun.sdk <> - De-allocating TMU: D:\mipt\list\opt_proj\superlist\r005hs\data.0\systemcollector-14284-DESKTOP-07MDIV5.sc
12885 [3512] INFO perfrun.system <> - closed the system trace file: D:\mipt\list\opt_proj\superlist\r005hs\data.0\systemcollector-14284-DESKTOP-07MDIV5.sc
12885 [14348] INFO perfrun.launcher <> - Launcher: all plugins were stopped.
12885 [14348] INFO perfrun.launcher <> - DeadlineTimer is going to be destroyed
12885 [14348] INFO perfrun.launcher <> - DeadlineTimer was destroyed
12885 [14348] INFO perfrun.launcher <> - DirectoryMonitor object was destroyed
12886 [14348] WARN perfrun.launcher <> - Stop command is ignored because it is received when collection is already stopped, at file: vcs\perfrun1\launcher\src\command_handler.cpp:226
12886 [14348] INFO perfrun.launcher <> - Application exit code: 0
12886 [14348] INFO perfrun.launcher <> - Exit code: 0
