50 [7048] INFO perfrun.launcher <> - Launcher main begin
54 [7048] INFO perfrun.launcher <> - MessageCatalogInit finished
54 [7048] INFO perfrun.launcher <> - Launcher instance created
54 [7048] INFO perfrun.launcher <> - argc = 7; cmdline = C:\Program Files (x86)\Intel\oneAPI\vtune\2025.7\bin64\amplxe-runss.exe --ui-output-format xml --ui-output-fd 1220 --option-file D:\mipt\list\opt_proj\superlist\r000ps\config\runsa.options 
63 [7048] INFO perfrun.launcher <> - New signal handler callback was added
89 [7048] INFO perfrun.perfcollector <> - SEP tool path: C:\Program Files (x86)\Intel\oneAPI\vtune\2025.7\bin64\sep.exe
98 [7048] INFO perfrun.launcher <> - create msngr2::ICliToolContext
100 [7048] INFO perfrun.launcher <> - create file finder object
100 [7048] INFO perfrun.launcher <> - create a result directory: pattern = D:\mipt\list\opt_proj\superlist\r000ps pid = 4294967295
104 [7048] INFO perfrun.launcher <> - create data directory = D:\mipt\list\opt_proj\superlist\r000ps\data.0
105 [7048] INFO perfrun.launcher <> - Creating the master collection flag
109 [7048] INFO perfrun.launcher <> - Done creating the master collection flag
109 [6032] INFO perfrun.launcher <> - plugin [remoteplug] was disabled because it doesn't support the given collection type.
110 [6032] INFO perfrun.sdk <> - Allocating TMU :D:\mipt\list\opt_proj\superlist\r000ps\data.0\systemcollector-11892-DESKTOP-07MDIV5.sc
110 [6032] INFO perfrun.launcher <> - plugin [] was disabled because it doesn't support the given collection type.
110 [6032] INFO perfrun.launcher <> - plugin [itt] was disabled because it doesn't support the given collection type.
110 [6032] INFO perfrun.launcher <> - plugin [] was disabled because it doesn't support the given collection type.
146 [6032] INFO perfrun.launcher <> - plugin [etw.kernel] was disabled because it doesn't support the given collection type.
146 [6032] INFO perfrun.launcher <> - plugin [etw.dx] was disabled because it doesn't support the given collection type.
146 [6032] INFO perfrun.launcher <> - plugin [etw.wsa] was disabled because it doesn't support the given collection type.
146 [6032] INFO perfrun.mrte <> - system-wide mode is 0
146 [6032] INFO perfrun.mrte <> - Getting  mrte profiling environment ...
190 [6032] INFO perfrun.mrte <> - INTEL_MRTE_DATA_DIR=D:\mipt\list\opt_proj\superlist\r000ps\data.0
190 [6032] INFO perfrun.mrte <> - INTEL_MRTE_HOST_NAME=DESKTOP-07MDIV5
190 [6032] INFO perfrun.mrte <> - JAVA_TOOL_OPTIONS=-agentlib:amplxe_samplingmrte_javaprof_1.0
190 [6032] INFO perfrun.mrte <> - PATH=C:\Program Files (x86)\Intel\oneAPI\vtune\2025.7\bin32\runtime;C:\Program Files (x86)\Intel\oneAPI\vtune\2025.7\bin64\runtime;C:\Program Files\Common Files\Oracle\Java\javapath;D:\C\vulkanSDK\Bin;C:\Windows\System32\Wbem;C:\Windows\System32\WindowsPowerShell\v1.0\;C:\Windows\System32\OpenSSH\;C:\Users\User\AppData\Local\Programs\Python\Python310;C:\Program Files (x86)\NVIDIA Corporation\PhysX\Common;C:\Program Files\Git\cmd;C:\Program Files\CodeBlocks\MinGW\bin;C:\WINDOWS\system32;C:\Program Files\NVIDIA Corporation\NVIDIA NvDLISR;C:\Program Files\CMake\bin;C:\Program Files\dotnet\;C:\Users\User\AppData\Local\Programs\Python\Python310\Scripts;C:\WINDOWS\system32;C:\WINDOWS;C:\Program Files\LLVM\bin;C:\Program Files\Microsoft SQL Server\150\Tools\Binn\;C:\Program Files\Microsoft SQL Server\Client SDK\ODBC\170\Tools\Binn\;C:\Windows\Microsoft.NET\Framework64\v4.0.30319;C:\Program Files\ffmpeg\bin;C:\Program Files\ffmpeg\include;C:\Program Files\Go\bin;C:\Program Files\gnuplot\bin;C:\Program Files (x86)\Windows Kits\10\Windows Performance Toolkit\;C:\Program Files\PowerShell\7\;C:\Users\User\AppData\Local\Microsoft\WindowsApps;C:\path_dir;C:\Program Files\7-Zip;C:\Users\User\.dotnet\tools;C:\path_dir\php;D:\C\SDL2\x86_64-w64-mingw32\include;D:\C\OCL\include;C:\Program Files\Microsoft VS Code\bin;C:\Users\User\go\bin
190 [6032] INFO perfrun.mrte <> - COR_ENABLE_PROFILING=1
190 [6032] INFO perfrun.mrte <> - COR_PROFILER={AA5E4821-E3B1-479c-B7FF-5AD047D22CED}
190 [6032] INFO perfrun.mrte <> - COMPLUS_ProfAPI_ProfilerCompatibilitySetting=EnableV2Profiler
190 [6032] INFO perfrun.mrte <> - CORECLR_ENABLE_PROFILING=1
190 [6032] INFO perfrun.mrte <> - CORECLR_PROFILER={AA5E4821-E3B1-479c-B7FF-5AD047D22CED}
190 [6032] INFO perfrun.mrte <> - CORECLR_PROFILER_PATH=C:\Program Files (x86)\Intel\oneAPI\vtune\2025.7\bin64/amplxe_samplingmrte_clrprof_1.0.dll
190 [6032] INFO perfrun.mrte <> - INTEL_MRTE_PROFILER_MODE=mixed
190 [6032] INFO perfrun.mrte <> - Data directory: D:\mipt\list\opt_proj\superlist\r000ps\data.0
190 [6032] INFO perfrun.mrte <> - Mrte plugin is initialized
191 [6032] INFO perfrun.sdk <> - runCmd: "C:\Program Files (x86)\Intel\oneAPI\vtune\2025.7\bin64\emon.exe" -v
206 [6032] INFO perfrun.sdk <> - runCmd started PID 6040
493 [6032] INFO perfrun.emon <> - Extracted TSC Frequency = 3.3024e+09 from emon -v
494 [6032] INFO perfrun.metrics <> - PMU type is alderlake_goldencove
497 [6032] INFO perfrun.launcher <> - plugin [cuscol] was disabled because it doesn't support the given collection type.
497 [6032] INFO perfrun.launcher <> - plugin [stdsrc] was disabled because it doesn't support the given collection type.
497 [6032] INFO perfrun.launcher <> - plugin [sep] was disabled because it doesn't support the given collection type.
497 [6032] INFO perfrun.launcher <> - plugin [vtsspp] was disabled because it doesn't support the given collection type.
497 [6032] INFO perfrun.launcher <> - plugin [perf] was disabled because it doesn't support the given collection type.
498 [6032] INFO perfrun.launcher <> - plugin [aoclprofile] was disabled because it doesn't support the given collection type.
498 [6032] INFO perfrun.tpss <> - initialize tpss controller
498 [6032] INFO perfrun.launcher <> - plugin [tpss] was disabled because it doesn't support the given collection type.
499 [6032] INFO perfrun.launcher <> - plugin [] was disabled because it doesn't support the given collection type.
499 [6032] INFO perfrun.launcher <> - plugin [] was disabled because it doesn't support the given collection type.
499 [6032] INFO perfrun.launcher <> - plugin [] was disabled because it doesn't support the given collection type.
499 [6032] INFO perfrun.launcher <> - plugin [] was disabled because it doesn't support the given collection type.
499 [6032] INFO perfrun.launcher <> - plugin [power] was disabled because it doesn't support the given collection type.
499 [6032] INFO perfrun.launcher <> - plugin [] was disabled because it doesn't support the given collection type.
499 [6032] INFO perfrun.launcher <> - plugin [] was disabled because it doesn't support the given collection type.
499 [6032] INFO perfrun.launcher <> - plugin [] was disabled because it doesn't support the given collection type.
499 [6032] INFO perfrun.launcher <> - plugin [l0_metrics] was disabled because it doesn't support the given collection type.
499 [6032] INFO perfrun.launcher <> - plugin [stall_reasons] was disabled because it doesn't support the given collection type.
499 [7048] INFO perfrun.launcher <> - set environment variable: INTEL_MRTE_DATA_DIR = D:\mipt\list\opt_proj\superlist\r000ps\data.0
500 [7048] INFO perfrun.launcher <> - set environment variable: INTEL_MRTE_HOST_NAME = DESKTOP-07MDIV5
500 [7048] INFO perfrun.launcher <> - set environment variable: JAVA_TOOL_OPTIONS = -agentlib:amplxe_samplingmrte_javaprof_1.0
501 [7048] INFO perfrun.launcher <> - set environment variable: PATH = C:\Program Files (x86)\Intel\oneAPI\vtune\2025.7\bin32\runtime;C:\Program Files (x86)\Intel\oneAPI\vtune\2025.7\bin64\runtime;C:\Program Files\Common Files\Oracle\Java\javapath;D:\C\vulkanSDK\Bin;C:\Windows\System32\Wbem;C:\Windows\System32\WindowsPowerShell\v1.0\;C:\Windows\System32\OpenSSH\;C:\Users\User\AppData\Local\Programs\Python\Python310;C:\Program Files (x86)\NVIDIA Corporation\PhysX\Common;C:\Program Files\Git\cmd;C:\Program Files\CodeBlocks\MinGW\bin;C:\WINDOWS\system32;C:\Program Files\NVIDIA Corporation\NVIDIA NvDLISR;C:\Program Files\CMake\bin;C:\Program Files\dotnet\;C:\Users\User\AppData\Local\Programs\Python\Python310\Scripts;C:\WINDOWS\system32;C:\WINDOWS;C:\Program Files\LLVM\bin;C:\Program Files\Microsoft SQL Server\150\Tools\Binn\;C:\Program Files\Microsoft SQL Server\Client SDK\ODBC\170\Tools\Binn\;C:\Windows\Microsoft.NET\Framework64\v4.0.30319;C:\Program Files\ffmpeg\bin;C:\Program Files\ffmpeg\include;C:\Program Files\Go\bin;C:\Program Files\gnuplot\bin;C:\Program Files (x86)\Windows Kits\10\Windows Performance Toolkit\;C:\Program Files\PowerShell\7\;C:\Users\User\AppData\Local\Microsoft\WindowsApps;C:\path_dir;C:\Program Files\7-Zip;C:\Users\User\.dotnet\tools;C:\path_dir\php;D:\C\SDL2\x86_64-w64-mingw32\include;D:\C\OCL\include;C:\Program Files\Microsoft VS Code\bin;C:\Users\User\go\bin
501 [7048] INFO perfrun.launcher <> - set environment variable: COR_ENABLE_PROFILING = 1
502 [7048] INFO perfrun.launcher <> - set environment variable: COR_PROFILER = {AA5E4821-E3B1-479c-B7FF-5AD047D22CED}
502 [7048] INFO perfrun.launcher <> - set environment variable: COMPLUS_ProfAPI_ProfilerCompatibilitySetting = EnableV2Profiler
502 [7048] INFO perfrun.launcher <> - set environment variable: CORECLR_ENABLE_PROFILING = 1
502 [7048] INFO perfrun.launcher <> - set environment variable: CORECLR_PROFILER = {AA5E4821-E3B1-479c-B7FF-5AD047D22CED}
503 [7048] INFO perfrun.launcher <> - set environment variable: CORECLR_PROFILER_PATH = C:\Program Files (x86)\Intel\oneAPI\vtune\2025.7\bin64/amplxe_samplingmrte_clrprof_1.0.dll
503 [7048] INFO perfrun.launcher <> - set environment variable: INTEL_MRTE_PROFILER_MODE = mixed
503 [7048] INFO perfrun.launcher <> - RpcServer: run RPC server to handle requests
555 [7048] INFO perfrun.sdk <> - IProcessUtil: the given executable 'D:\mipt\list\opt_proj\a.exe' is valid.
555 [7048] INFO perfrun.launcher <> - Launcher: command line to start before modification = D:\mipt\list\opt_proj\a.exe
555 [7048] INFO perfrun.launcher <> - Launcher: command line to start after modification = D:\mipt\list\opt_proj\a.exe
555 [7048] INFO perfrun.launcher <> - ProcessCreator object was created
556 [7048] INFO perfrun.launcher <> - Launcher: the process was started in suspend mode
587 [6032] INFO perfrun.launcher <> - Messenger::say: Peak bandwidth measurement started.
4742 [6032] INFO perfrun.launcher <> - Messenger::say: Peak bandwidth measurement finished.
4780 [6032] INFO perfrun.sdk <> - Allocating TMU :D:\mipt\list\opt_proj\superlist\r000ps\data.0\gen_metrics0.0.2.0.0.oa.0.cfg
4780 [6032] INFO perfrun.sdk <> - De-allocating TMU: D:\mipt\list\opt_proj\superlist\r000ps\data.0\gen_metrics0.0.2.0.0.oa.0.cfg
4803 [6032] INFO perfrun.gpu <> - GPU counting mode: initialization successful
4825 [9748] INFO perfrun.sdk <> - Allocating TMU :D:\mipt\list\opt_proj\superlist\r000ps\data.0\gen_metrics0.0.2.0.0.oa.0.vtss
4827 [9748] INFO perfrun.gpu <> - Open stream for subdevice 0
4829 [6032] INFO perfrun.sdk <> - runCmd: "C:\Program Files (x86)\Intel\oneAPI\vtune\2025.7\bin64\emon.exe" -M
4834 [6032] INFO perfrun.sdk <> - runCmd started PID 10008
4949 [6032] INFO perfrun.sdk <> - runCmd: "C:\Program Files (x86)\Intel\oneAPI\vtune\2025.7\bin64\emon.exe" -v
4950 [6032] INFO perfrun.sdk <> - runCmd started PID 10064
5019 [6032] INFO perfrun.sdk <> - runCmd: "C:\Program Files (x86)\Intel\oneAPI\vtune\2025.7\bin64\sep.exe" -dry-run -ec CPU_CLK_UNHALTED.THREAD:sa=3302000,CPU_CLK_UNHALTED.REF_TSC:sample:sa=3302000,INST_RETIRED.ANY:sample:sa=3302000,CPU_CLK_UNHALTED.DISTRIBUTED:sa=3302000,TOPDOWN.SLOTS:perf_metrics:sample:sa=2000003,FP_ARITH_INST_RETIRED.SCALAR_SINGLE:sa=2000003,FP_ARITH_INST_RETIRED.128B_PACKED_SINGLE:sa=2000003,FP_ARITH_INST_RETIRED.256B_PACKED_SINGLE:sa=2000003,FP_ARITH_INST_RETIRED.SCALAR_DOUBLE:sa=2000003,FP_ARITH_INST_RETIRED.128B_PACKED_DOUBLE:sa=2000003,FP_ARITH_INST_RETIRED.256B_PACKED_DOUBLE:sa=2000003,UOPS_EXECUTED.X87:sa=2000003,UOPS_RETIRED.SLOTS:sa=2000003,UOPS_EXECUTED.THREAD:sa=2000003,CPU_CLK_UNHALTED.THREAD_P,FRONTEND_RETIRED.LATENCY_GE_4,IDQ_BUBBLES.CORE,INT_MISC.UOP_DROPPING,TOPDOWN.BACKEND_BOUND_SLOTS,TOPDOWN.MEMORY_BOUND_SLOTS,TOPDOWN.SLOTS,TOPDOWN.SLOTS_P,EXE_ACTIVITY.BOUND_ON_LOADS,MEMORY_ACTIVITY.STALLS_L1D_MISS,MEMORY_ACTIVITY.STALLS_L2_MISS,MEMORY_ACTIVITY.STALLS_L3_MISS,MEM_LOAD_RETIRED.L1_HIT,MEM_LOAD_RETIRED.L2_HIT,MEM_LOAD_RETIRED.L3_HIT,MEM_LOAD_RETIRED.L3_MISS,MEM_INST_RETIRED.ALL_STORES:sa=100003,MEM_INST_RETIRED.ALL_LOADS:sa=100003,CYCLE_ACTIVITY.CYCLES_MEM_ANY,DTLB_LOAD_MISSES.STLB_HIT:cmask=1,DTLB_LOAD_MISSES.WALK_ACTIVE,DTLB_LOAD_MISSES.WALK_COMPLETED_1G,DTLB_LOAD_MISSES.WALK_COMPLETED_2M_4M,DTLB_LOAD_MISSES.WALK_COMPLETED_4K,DTLB_STORE_MISSES.STLB_HIT:cmask=1,DTLB_STORE_MISSES.WALK_ACTIVE,DTLB_STORE_MISSES.WALK_COMPLETED_1G,DTLB_STORE_MISSES.WALK_COMPLETED_2M_4M,DTLB_STORE_MISSES.WALK_COMPLETED_4K,EXE_ACTIVITY.BOUND_ON_STORES,L1D_PEND_MISS.FB_FULL,L1D_PEND_MISS.L2_STALLS,L1D_PEND_MISS.PENDING,L2_RQSTS.ALL_RFO,L2_RQSTS.RFO_HIT,LD_BLOCKS.NO_SR,LD_BLOCKS.STORE_FORWARD,MEMORY_ACTIVITY.CYCLES_L1D_MISS,MEM_INST_RETIRED.LOCK_LOADS,MEM_INST_RETIRED.SPLIT_LOADS,MEM_INST_RETIRED.SPLIT_STORES,MEM_INST_RETIRED.STLB_MISS_LOADS,MEM_INST_RETIRED.STLB_MISS_STORES,MEM_LOAD_COMPLETED.L1_MISS_ANY,MEM_LOAD_L3_HIT_RETIRED.XSNP_FWD,MEM_LOAD_L3_HIT_RETIRED.XSNP_MISS,MEM_LOAD_L3_HIT_RETIRED.XSNP_NO_FWD,MEM_LOAD_RETIRED.FB_HIT,MEM_LOAD_RETIRED.L1_MISS,MEM_STORE_RETIRED.L2_HIT,OFFCORE_REQUESTS_OUTSTANDING.ALL_DATA_RD:cmask=4,OFFCORE_REQUESTS_OUTSTANDING.CYCLES_WITH_DATA_RD,OFFCORE_REQUESTS_OUTSTANDING.CYCLES_WITH_DEMAND_RFO,XQ.FULL_CYCLES,UNC_M_CAS_COUNT_RD,UNC_M_CAS_COUNT_WR -experimental
5021 [6032] INFO perfrun.sdk <> - runCmd started PID 10676
5151 [6032] INFO perfrun.emon <> - Spawned collector thread
5151 [10656] INFO perfrun.sdk <> - runCmd: "C:\Program Files (x86)\Intel\oneAPI\vtune\2025.7\bin64\emon.exe" -u -t 0.010 -l0 -C CPU_CLK_UNHALTED.DISTRIBUTED,CPU_CLK_UNHALTED.REF_TSC,CPU_CLK_UNHALTED.THREAD,CPU_CLK_UNHALTED.THREAD_P,CYCLE_ACTIVITY.CYCLES_MEM_ANY,DTLB_LOAD_MISSES.STLB_HIT:c1,DTLB_LOAD_MISSES.WALK_ACTIVE,DTLB_LOAD_MISSES.WALK_COMPLETED_1G,DTLB_LOAD_MISSES.WALK_COMPLETED_2M_4M,DTLB_LOAD_MISSES.WALK_COMPLETED_4K,DTLB_STORE_MISSES.STLB_HIT:c1,DTLB_STORE_MISSES.WALK_ACTIVE,DTLB_STORE_MISSES.WALK_COMPLETED_1G,DTLB_STORE_MISSES.WALK_COMPLETED_2M_4M,DTLB_STORE_MISSES.WALK_COMPLETED_4K,EXE_ACTIVITY.BOUND_ON_LOADS,EXE_ACTIVITY.BOUND_ON_STORES,FP_ARITH_INST_RETIRED.128B_PACKED_DOUBLE,FP_ARITH_INST_RETIRED.128B_PACKED_SINGLE,FP_ARITH_INST_RETIRED.256B_PACKED_DOUBLE,FP_ARITH_INST_RETIRED.256B_PACKED_SINGLE,FP_ARITH_INST_RETIRED.SCALAR_DOUBLE,FP_ARITH_INST_RETIRED.SCALAR_SINGLE,FRONTEND_RETIRED.LATENCY_GE_4,IDQ_BUBBLES.CORE,INST_RETIRED.ANY,INT_MISC.UOP_DROPPING,L1D_PEND_MISS.FB_FULL,L1D_PEND_MISS.L2_STALLS,L1D_PEND_MISS.PENDING,L2_RQSTS.ALL_RFO,L2_RQSTS.RFO_HIT,LD_BLOCKS.NO_SR,LD_BLOCKS.STORE_FORWARD,MEMORY_ACTIVITY.CYCLES_L1D_MISS,MEMORY_ACTIVITY.STALLS_L1D_MISS,MEMORY_ACTIVITY.STALLS_L2_MISS,MEMORY_ACTIVITY.STALLS_L3_MISS,MEM_INST_RETIRED.ALL_LOADS,MEM_INST_RETIRED.ALL_STORES,MEM_INST_RETIRED.LOCK_LOADS,MEM_INST_RETIRED.SPLIT_LOADS,MEM_INST_RETIRED.SPLIT_STORES,MEM_INST_RETIRED.STLB_MISS_LOADS,MEM_INST_RETIRED.STLB_MISS_STORES,MEM_LOAD_COMPLETED.L1_MISS_ANY,MEM_LOAD_L3_HIT_RETIRED.XSNP_FWD,MEM_LOAD_L3_HIT_RETIRED.XSNP_MISS,MEM_LOAD_L3_HIT_RETIRED.XSNP_NO_FWD,MEM_LOAD_RETIRED.FB_HIT,MEM_LOAD_RETIRED.L1_HIT,MEM_LOAD_RETIRED.L1_MISS,MEM_LOAD_RETIRED.L2_HIT,MEM_LOAD_RETIRED.L3_HIT,MEM_LOAD_RETIRED.L3_MISS,MEM_STORE_RETIRED.L2_HIT,OFFCORE_REQUESTS_OUTSTANDING.ALL_DATA_RD:c4,OFFCORE_REQUESTS_OUTSTANDING.CYCLES_WITH_DATA_RD,OFFCORE_REQUESTS_OUTSTANDING.CYCLES_WITH_DEMAND_RFO,TOPDOWN.BACKEND_BOUND_SLOTS,TOPDOWN.MEMORY_BOUND_SLOTS,TOPDOWN.SLOTS,TOPDOWN.SLOTS:perf_metrics,TOPDOWN.SLOTS_P,UNC_M_CAS_COUNT_RD,UNC_M_CAS_COUNT_WR,UOPS_EXECUTED.THREAD,UOPS_EXECUTED.X87,UOPS_RETIRED.SLOTS,XQ.FULL_CYCLES -experimental
5153 [10656] INFO perfrun.sdk <> - runCmd started PID 10352
5226 [10656] WARN perfrun.launcher <> - Messenger::say: EMON Collector Message: Event TOPDOWN.SLOTS discarded since the event is invalid or the device does not exist.
5227 [10656] WARN perfrun.launcher <> - Messenger::say: EMON Collector Message: Event TOPDOWN.SLOTS:perf_metrics discarded since the event is invalid or the device does not exist.
5378 [7048] INFO perfrun.launcher <> - Launcher: all plugins were started
5378 [7048] INFO perfrun.launcher <> - DirectoryMonitor object was created
5382 [9748] INFO perfrun.gpu <> - Next report we'll be handling the low-power state
5382 [9748] INFO perfrun.gpu <> - Entered handling of low-power state
5386 [7048] INFO perfrun.launcher <> - DirectoryMonitor: a callback was added
5386 [7048] INFO perfrun.launcher <> - DirectoryMonitor was started with pingTime = 1000
5386 [7048] INFO perfrun.launcher <> - DeadlineTimer is going to be constructed
5388 [7048] INFO perfrun.launcher <> - DeadlineTimer: a callback was added
5415 [7048] INFO perfrun.launcher <> - Launcher: resume the profiled application and  wait its termination or stop command
5520 [10656] WARN perfrun.emon_output <> - TimeKeeper: the time is being asked while the time keeper object is armed. This may mean that the time for the last group is getting reused as the time for this group
5520 [10656] WARN perfrun.emon_output <> - TimeKeeper: the time is being asked while the time keeper object is armed. This may mean that the time for the last group is getting reused as the time for this group
5520 [10656] WARN perfrun.emon_output <> - TimeKeeper: the time is being asked while the time keeper object is armed. This may mean that the time for the last group is getting reused as the time for this group
6205 [10656] WARN perfrun.emon_output <> - TimeKeeper: the time is being asked while the time keeper object is armed. This may mean that the time for the last group is getting reused as the time for this group
6924 [10656] WARN perfrun.emon_output <> - TimeKeeper: the time is being asked while the time keeper object is armed. This may mean that the time for the last group is getting reused as the time for this group
7596 [10656] WARN perfrun.emon_output <> - TimeKeeper: the time is being asked while the time keeper object is armed. This may mean that the time for the last group is getting reused as the time for this group
7900 [10656] WARN perfrun.emon_output <> - TimeKeeper: the time is being asked while the time keeper object is armed. This may mean that the time for the last group is getting reused as the time for this group
8632 [10656] WARN perfrun.emon_output <> - TimeKeeper: the time is being asked while the time keeper object is armed. This may mean that the time for the last group is getting reused as the time for this group
8632 [10656] WARN perfrun.emon_output <> - TimeKeeper: the time is being asked while the time keeper object is armed. This may mean that the time for the last group is getting reused as the time for this group
8632 [10656] WARN perfrun.emon_output <> - TimeKeeper: the time is being asked while the time keeper object is armed. This may mean that the time for the last group is getting reused as the time for this group
8632 [10656] WARN perfrun.emon_output <> - TimeKeeper: the time is being asked while the time keeper object is armed. This may mean that the time for the last group is getting reused as the time for this group
9516 [10656] WARN perfrun.emon_output <> - TimeKeeper: the time is being asked while the time keeper object is armed. This may mean that the time for the last group is getting reused as the time for this group
9516 [10656] WARN perfrun.emon_output <> - TimeKeeper: the time is being asked while the time keeper object is armed. This may mean that the time for the last group is getting reused as the time for this group
9674 [10656] WARN perfrun.emon_output <> - TimeKeeper: the time is being asked while the time keeper object is armed. This may mean that the time for the last group is getting reused as the time for this group
10768 [10656] WARN perfrun.emon_output <> - TimeKeeper: the time is being asked while the time keeper object is armed. This may mean that the time for the last group is getting reused as the time for this group
11733 [10656] WARN perfrun.emon_output <> - TimeKeeper: the time is being asked while the time keeper object is armed. This may mean that the time for the last group is getting reused as the time for this group
12033 [10656] WARN perfrun.emon_output <> - TimeKeeper: the time is being asked while the time keeper object is armed. This may mean that the time for the last group is getting reused as the time for this group
12595 [10656] WARN perfrun.emon_output <> - TimeKeeper: the time is being asked while the time keeper object is armed. This may mean that the time for the last group is getting reused as the time for this group
13690 [10656] WARN perfrun.emon_output <> - TimeKeeper: the time is being asked while the time keeper object is armed. This may mean that the time for the last group is getting reused as the time for this group
14628 [10656] WARN perfrun.emon_output <> - TimeKeeper: the time is being asked while the time keeper object is armed. This may mean that the time for the last group is getting reused as the time for this group
15132 [7048] INFO perfrun.launcher <> - Launcher: the profiled application was terminated  with exit code = 0
15137 [6032] INFO perfrun.gpu <> - Waiting for data collection thread to finish
15361 [9748] INFO perfrun.gpu <> - Writing dual vector buffer
15363 [9748] INFO perfrun.sdk <> - De-allocating TMU: D:\mipt\list\opt_proj\superlist\r000ps\data.0\gen_metrics0.0.2.0.0.oa.0.vtss
15373 [6032] INFO perfrun.gpu <> - Data collection thread finished, shutting down the session
15375 [6032] INFO perfrun.sdk <> - runCmd: "C:\Program Files (x86)\Intel\oneAPI\vtune\2025.7\bin64\emon.exe" -stop
15377 [6032] INFO perfrun.sdk <> - runCmd started PID 13676
15572 [10656] WARN perfrun.emon_output <> - TimeKeeper: the time is being asked while the time keeper object is armed. This may mean that the time for the last group is getting reused as the time for this group
15591 [6032] INFO perfrun.emon <> - EMON collector successfully stopped.

15656 [10656] WARN perfrun.emon_output <> - TimeKeeper: the time is being asked while the time keeper object is armed. This may mean that the time for the last group is getting reused as the time for this group
15656 [10656] INFO perfrun.emon_output <> - Collector process exited successfully
15686 [6032] INFO perfrun.sdk <> - De-allocating TMU: D:\mipt\list\opt_proj\superlist\r000ps\data.0\systemcollector-11892-DESKTOP-07MDIV5.sc
15709 [6032] INFO perfrun.system <> - closed the system trace file: D:\mipt\list\opt_proj\superlist\r000ps\data.0\systemcollector-11892-DESKTOP-07MDIV5.sc
15710 [7048] INFO perfrun.launcher <> - Launcher: all plugins were stopped.
15710 [7048] INFO perfrun.launcher <> - DeadlineTimer is going to be destroyed
15711 [7048] INFO perfrun.launcher <> - DeadlineTimer was destroyed
15713 [7048] INFO perfrun.launcher <> - DirectoryMonitor object was destroyed
15721 [7048] WARN perfrun.launcher <> - Stop command is ignored because it is received when collection is already stopped, at file: vcs\perfrun1\launcher\src\command_handler.cpp:226
15724 [7048] INFO perfrun.launcher <> - Application exit code: 0
15724 [7048] INFO perfrun.launcher <> - Exit code: 0
