44 [15464] INFO perfrun.launcher <> - Launcher main begin
48 [15464] INFO perfrun.launcher <> - MessageCatalogInit finished
48 [15464] INFO perfrun.launcher <> - Launcher instance created
48 [15464] INFO perfrun.launcher <> - argc = 7; cmdline = C:\Program Files (x86)\Intel\oneAPI\vtune\2025.7\bin64\amplxe-runss.exe --ui-output-format xml --ui-output-fd 932 --option-file D:\mipt\list\opt_proj\superlist\r004ue\config\runsa.options 
57 [15464] INFO perfrun.launcher <> - New signal handler callback was added
85 [15464] INFO perfrun.perfcollector <> - SEP tool path: C:\Program Files (x86)\Intel\oneAPI\vtune\2025.7\bin64\sep.exe
94 [15464] INFO perfrun.launcher <> - create msngr2::ICliToolContext
95 [15464] INFO perfrun.launcher <> - create file finder object
96 [15464] INFO perfrun.launcher <> - create a result directory: pattern = D:\mipt\list\opt_proj\superlist\r004ue pid = 4294967295
98 [15464] INFO perfrun.launcher <> - create data directory = D:\mipt\list\opt_proj\superlist\r004ue\data.0
98 [15464] INFO perfrun.launcher <> - Creating the master collection flag
102 [15464] INFO perfrun.launcher <> - Done creating the master collection flag
102 [9448] INFO perfrun.launcher <> - plugin [remoteplug] was disabled because it doesn't support the given collection type.
102 [9448] INFO perfrun.sdk <> - Allocating TMU :D:\mipt\list\opt_proj\superlist\r004ue\data.0\systemcollector-14464-DESKTOP-07MDIV5.sc
103 [9448] INFO perfrun.launcher <> - plugin [] was disabled because it doesn't support the given collection type.
104 [9448] INFO perfrun.launcher <> - plugin [] was disabled because it doesn't support the given collection type.
104 [9448] INFO perfrun.launcher <> - plugin [gpu] was disabled because it doesn't support the given collection type.
104 [9448] INFO perfrun.launcher <> - plugin [etw.kernel] was disabled because it doesn't support the given collection type.
105 [9448] INFO perfrun.launcher <> - plugin [etw.dx] was disabled because it doesn't support the given collection type.
105 [9448] INFO perfrun.launcher <> - plugin [etw.wsa] was disabled because it doesn't support the given collection type.
105 [9448] INFO perfrun.mrte <> - system-wide mode is 0
105 [9448] INFO perfrun.mrte <> - Getting  mrte profiling environment ...
120 [9448] INFO perfrun.mrte <> - INTEL_MRTE_DATA_DIR=D:\mipt\list\opt_proj\superlist\r004ue\data.0
120 [9448] INFO perfrun.mrte <> - INTEL_MRTE_HOST_NAME=DESKTOP-07MDIV5
120 [9448] INFO perfrun.mrte <> - JAVA_TOOL_OPTIONS=-agentlib:amplxe_samplingmrte_javaprof_1.0
120 [9448] INFO perfrun.mrte <> - PATH=C:\Program Files (x86)\Intel\oneAPI\vtune\2025.7\bin32\runtime;C:\Program Files (x86)\Intel\oneAPI\vtune\2025.7\bin64\runtime;C:\Program Files\Common Files\Oracle\Java\javapath;D:\C\vulkanSDK\Bin;C:\Windows\System32\Wbem;C:\Windows\System32\WindowsPowerShell\v1.0\;C:\Windows\System32\OpenSSH\;C:\Users\User\AppData\Local\Programs\Python\Python310;C:\Program Files (x86)\NVIDIA Corporation\PhysX\Common;C:\Program Files\Git\cmd;C:\Program Files\CodeBlocks\MinGW\bin;C:\WINDOWS\system32;C:\Program Files\NVIDIA Corporation\NVIDIA NvDLISR;C:\Program Files\CMake\bin;C:\Program Files\dotnet\;C:\Users\User\AppData\Local\Programs\Python\Python310\Scripts;C:\WINDOWS\system32;C:\WINDOWS;C:\Program Files\LLVM\bin;C:\Program Files\Microsoft SQL Server\150\Tools\Binn\;C:\Program Files\Microsoft SQL Server\Client SDK\ODBC\170\Tools\Binn\;C:\Windows\Microsoft.NET\Framework64\v4.0.30319;C:\Program Files\ffmpeg\bin;C:\Program Files\ffmpeg\include;C:\Program Files\Go\bin;C:\Program Files\gnuplot\bin;C:\Program Files (x86)\Windows Kits\10\Windows Performance Toolkit\;C:\Program Files\PowerShell\7\;C:\Users\User\AppData\Local\Microsoft\WindowsApps;C:\path_dir;C:\Program Files\7-Zip;C:\Users\User\.dotnet\tools;C:\path_dir\php;D:\C\SDL2\x86_64-w64-mingw32\include;D:\C\OCL\include;C:\Program Files\Microsoft VS Code\bin;C:\Users\User\go\bin
121 [9448] INFO perfrun.mrte <> - COR_ENABLE_PROFILING=1
121 [9448] INFO perfrun.mrte <> - COR_PROFILER={AA5E4821-E3B1-479c-B7FF-5AD047D22CED}
121 [9448] INFO perfrun.mrte <> - COMPLUS_ProfAPI_ProfilerCompatibilitySetting=EnableV2Profiler
121 [9448] INFO perfrun.mrte <> - CORECLR_ENABLE_PROFILING=1
121 [9448] INFO perfrun.mrte <> - CORECLR_PROFILER={AA5E4821-E3B1-479c-B7FF-5AD047D22CED}
121 [9448] INFO perfrun.mrte <> - CORECLR_PROFILER_PATH=C:\Program Files (x86)\Intel\oneAPI\vtune\2025.7\bin64/amplxe_samplingmrte_clrprof_1.0.dll
121 [9448] INFO perfrun.mrte <> - INTEL_MRTE_PROFILER_MODE=mixed
121 [9448] INFO perfrun.mrte <> - Data directory: D:\mipt\list\opt_proj\superlist\r004ue\data.0
121 [9448] INFO perfrun.mrte <> - Mrte plugin is initialized
121 [9448] INFO perfrun.launcher <> - plugin [emon] was disabled because it doesn't support the given collection type.
121 [9448] INFO perfrun.launcher <> - plugin [cuscol] was disabled because it doesn't support the given collection type.
121 [9448] INFO perfrun.launcher <> - plugin [stdsrc] was disabled because it doesn't support the given collection type.
122 [9448] INFO perfrun.sdk <> - runCmd: "C:\Program Files (x86)\Intel\oneAPI\vtune\2025.7\bin64\sep.exe" -dry-run -ec CPU_CLK_UNHALTED.THREAD:sa=3302000,CPU_CLK_UNHALTED.REF_TSC:sample:sa=3302000,INST_RETIRED.ANY:sample:sa=3302000,CPU_CLK_UNHALTED.DISTRIBUTED:sa=3302000,CPU_CLK_UNHALTED.THREAD_P,FRONTEND_RETIRED.LATENCY_GE_4,IDQ_BUBBLES.CORE,INT_MISC.UOP_DROPPING,TOPDOWN.BACKEND_BOUND_SLOTS,TOPDOWN.MEMORY_BOUND_SLOTS,TOPDOWN.SLOTS,UOPS_RETIRED.SLOTS:sa=2000003,BR_MISP_RETIRED.ALL_BRANCHES,DECODE.LCP,DSB2MITE_SWITCHES.PENALTY_CYCLES,FRONTEND_RETIRED.ANY_DSB_MISS,FRONTEND_RETIRED.DSB_MISS,FRONTEND_RETIRED.L2_MISS,FRONTEND_RETIRED.LATENCY_GE_16,FRONTEND_RETIRED.LATENCY_GE_2_BUBBLES_GE_1,FRONTEND_RETIRED.MS_FLOWS,FRONTEND_RETIRED.STLB_MISS,FRONTEND_RETIRED.UNKNOWN_BRANCH,ICACHE_DATA.STALLS,ICACHE_TAG.STALLS,IDQ.DSB_CYCLES_ANY,IDQ.DSB_CYCLES_OK,IDQ.DSB_UOPS,IDQ.MITE_CYCLES_ANY,IDQ.MITE_CYCLES_OK,IDQ.MS_CYCLES_ANY,IDQ_BUBBLES.CYCLES_0_UOPS_DELIV.CORE,INST_DECODED.DECODERS:cmask=1,INST_DECODED.DECODERS:cmask=2,INT_MISC.CLEAR_RESTEER_CYCLES,INT_MISC.UNKNOWN_BRANCH_CYCLES,ITLB_MISSES.WALK_ACTIVE,ITLB_MISSES.WALK_COMPLETED_2M_4M,ITLB_MISSES.WALK_COMPLETED_4K,LSD.CYCLES_ACTIVE,LSD.CYCLES_OK,LSD.UOPS,OFFCORE_REQUESTS_OUTSTANDING.CYCLES_WITH_DEMAND_CODE_RD,TOPDOWN.BR_MISPREDICT_SLOTS,UOPS_ISSUED.ANY,UOPS_RETIRED.MS:cmask=1,UOPS_RETIRED.MS:cmask=1:e=yes,INT_MISC.CLEARS_COUNT,MACHINE_CLEARS.COUNT,MACHINE_CLEARS.MEMORY_ORDERING,CYCLE_ACTIVITY.CYCLES_MEM_ANY,DTLB_LOAD_MISSES.STLB_HIT:cmask=1,DTLB_LOAD_MISSES.WALK_ACTIVE,DTLB_LOAD_MISSES.WALK_COMPLETED_1G,DTLB_LOAD_MISSES.WALK_COMPLETED_2M_4M,DTLB_LOAD_MISSES.WALK_COMPLETED_4K,DTLB_STORE_MISSES.STLB_HIT:cmask=1,DTLB_STORE_MISSES.WALK_ACTIVE,DTLB_STORE_MISSES.WALK_COMPLETED_1G,DTLB_STORE_MISSES.WALK_COMPLETED_2M_4M,DTLB_STORE_MISSES.WALK_COMPLETED_4K,EXE_ACTIVITY.BOUND_ON_LOADS,EXE_ACTIVITY.BOUND_ON_STORES,L1D_PEND_MISS.FB_FULL,L1D_PEND_MISS.L2_STALLS,L1D_PEND_MISS.PENDING,L2_RQSTS.ALL_RFO,L2_RQSTS.RFO_HIT,LD_BLOCKS.NO_SR,LD_BLOCKS.STORE_FORWARD,MEMORY_ACTIVITY.CYCLES_L1D_MISS,MEMORY_ACTIVITY.STALLS_L1D_MISS,MEMORY_ACTIVITY.STALLS_L2_MISS,MEMORY_ACTIVITY.STALLS_L3_MISS,MEM_INST_RETIRED.ALL_LOADS,MEM_INST_RETIRED.ALL_STORES,MEM_INST_RETIRED.LOCK_LOADS,MEM_INST_RETIRED.SPLIT_LOADS,MEM_INST_RETIRED.SPLIT_STORES,MEM_INST_RETIRED.STLB_MISS_LOADS,MEM_INST_RETIRED.STLB_MISS_STORES,MEM_LOAD_COMPLETED.L1_MISS_ANY,MEM_LOAD_L3_HIT_RETIRED.XSNP_FWD,MEM_LOAD_L3_HIT_RETIRED.XSNP_MISS,MEM_LOAD_L3_HIT_RETIRED.XSNP_NO_FWD,MEM_LOAD_RETIRED.FB_HIT,MEM_LOAD_RETIRED.L1_HIT,MEM_LOAD_RETIRED.L1_MISS,MEM_LOAD_RETIRED.L2_HIT,MEM_LOAD_RETIRED.L3_HIT,MEM_LOAD_RETIRED.L3_MISS,MEM_STORE_RETIRED.L2_HIT,OFFCORE_REQUESTS_OUTSTANDING.ALL_DATA_RD:cmask=4,OFFCORE_REQUESTS_OUTSTANDING.CYCLES_WITH_DATA_RD,OFFCORE_REQUESTS_OUTSTANDING.CYCLES_WITH_DEMAND_RFO,XQ.FULL_CYCLES,ARITH.DIVIDER_ACTIVE,ARITH.DIV_ACTIVE,ARITH.FPDIV_ACTIVE,ASSISTS.SSE_AVX_MIX,CPU_CLK_UNHALTED.C01,CPU_CLK_UNHALTED.C02,CPU_CLK_UNHALTED.PAUSE,CPU_CLK_UNHALTED.PAUSE_INST,CYCLE_ACTIVITY.STALLS_TOTAL,EXE_ACTIVITY.1_PORTS_UTIL,EXE_ACTIVITY.2_3_PORTS_UTIL,EXE_ACTIVITY.2_PORTS_UTIL,EXE_ACTIVITY.EXE_BOUND_0_PORTS,FP_ARITH_INST_RETIRED.SCALAR,FP_ARITH_INST_RETIRED.VECTOR,MISC2_RETIRED.LFENCE,RESOURCE_STALLS.SCOREBOARD,RS.EMPTY_RESOURCE,UOPS_DISPATCHED.PORT_0,UOPS_DISPATCHED.PORT_1,UOPS_DISPATCHED.PORT_2_3_10,UOPS_DISPATCHED.PORT_4_9,UOPS_DISPATCHED.PORT_5_11,UOPS_DISPATCHED.PORT_6,UOPS_DISPATCHED.PORT_7_8,UOPS_EXECUTED.CYCLES_GE_3,UOPS_EXECUTED.THREAD:sa=2000003,UOPS_EXECUTED.X87:sa=2000003,UOPS_RETIRED.HEAVY,ASSISTS.ANY,ASSISTS.FP,ASSISTS.PAGE_FAULT,BR_INST_RETIRED.ALL_BRANCHES,FP_ARITH_INST_RETIRED.128B_PACKED_DOUBLE:sa=2000003,FP_ARITH_INST_RETIRED.128B_PACKED_SINGLE:sa=2000003,FP_ARITH_INST_RETIRED.256B_PACKED_DOUBLE:sa=2000003,FP_ARITH_INST_RETIRED.256B_PACKED_SINGLE:sa=2000003,INST_RETIRED.MACRO_FUSED,INST_RETIRED.NOP,INT_VEC_RETIRED.ADD_128,INT_VEC_RETIRED.ADD_256,INT_VEC_RETIRED.MUL_256,INT_VEC_RETIRED.SHUFFLES,INT_VEC_RETIRED.VNNI_128,INT_VEC_RETIRED.VNNI_256,MEM_UOP_RETIRED.ANY,UOPS_RETIRED.MS,TOPDOWN.SLOTS_P,OCR.DEMAND_RFO.L3_HIT.SNOOP_HITM,OCR.DEMAND_DATA_RD.L3_HIT.SNOOP_HIT_WITH_FWD,OCR.STREAMING_WR.ANY_RESPONSE,OCR.DEMAND_DATA_RD.L3_HIT.SNOOP_HITM,UNC_M_CAS_COUNT_RD,UNC_M_CAS_COUNT_WR,FP_ARITH_INST_RETIRED.SCALAR_SINGLE:sa=2000003,FP_ARITH_INST_RETIRED.SCALAR_DOUBLE:sa=2000003 -experimental
125 [9448] INFO perfrun.sdk <> - runCmd started PID 16312
315 [9448] INFO perfrun.launcher <> - plugin [vtsspp] was disabled because it doesn't support the given collection type.
316 [9448] INFO perfrun.launcher <> - plugin [perf] was disabled because it doesn't support the given collection type.
316 [9448] INFO perfrun.launcher <> - plugin [aoclprofile] was disabled because it doesn't support the given collection type.
316 [9448] INFO perfrun.tpss <> - initialize tpss controller
316 [9448] INFO perfrun.launcher <> - plugin [tpss] was disabled because it doesn't support the given collection type.
316 [9448] INFO perfrun.launcher <> - plugin [] was disabled because it doesn't support the given collection type.
316 [9448] INFO perfrun.launcher <> - plugin [] was disabled because it doesn't support the given collection type.
316 [9448] INFO perfrun.launcher <> - plugin [] was disabled because it doesn't support the given collection type.
316 [9448] INFO perfrun.launcher <> - plugin [] was disabled because it doesn't support the given collection type.
316 [9448] INFO perfrun.launcher <> - plugin [power] was disabled because it doesn't support the given collection type.
316 [9448] INFO perfrun.launcher <> - plugin [] was disabled because it doesn't support the given collection type.
316 [9448] INFO perfrun.launcher <> - plugin [] was disabled because it doesn't support the given collection type.
316 [9448] INFO perfrun.launcher <> - plugin [] was disabled because it doesn't support the given collection type.
316 [9448] INFO perfrun.launcher <> - plugin [l0_metrics] was disabled because it doesn't support the given collection type.
316 [9448] INFO perfrun.launcher <> - plugin [stall_reasons] was disabled because it doesn't support the given collection type.
316 [15464] INFO perfrun.launcher <> - set environment variable: PATH = C:\Program Files (x86)\Intel\oneAPI\vtune\2025.7\bin32\runtime;C:\Program Files (x86)\Intel\oneAPI\vtune\2025.7\bin64\runtime;C:\Program Files\Common Files\Oracle\Java\javapath;D:\C\vulkanSDK\Bin;C:\Windows\System32\Wbem;C:\Windows\System32\WindowsPowerShell\v1.0\;C:\Windows\System32\OpenSSH\;C:\Users\User\AppData\Local\Programs\Python\Python310;C:\Program Files (x86)\NVIDIA Corporation\PhysX\Common;C:\Program Files\Git\cmd;C:\Program Files\CodeBlocks\MinGW\bin;C:\WINDOWS\system32;C:\Program Files\NVIDIA Corporation\NVIDIA NvDLISR;C:\Program Files\CMake\bin;C:\Program Files\dotnet\;C:\Users\User\AppData\Local\Programs\Python\Python310\Scripts;C:\WINDOWS\system32;C:\WINDOWS;C:\Program Files\LLVM\bin;C:\Program Files\Microsoft SQL Server\150\Tools\Binn\;C:\Program Files\Microsoft SQL Server\Client SDK\ODBC\170\Tools\Binn\;C:\Windows\Microsoft.NET\Framework64\v4.0.30319;C:\Program Files\ffmpeg\bin;C:\Program Files\ffmpeg\include;C:\Program Files\Go\bin;C:\Program Files\gnuplot\bin;C:\Program Files (x86)\Windows Kits\10\Windows Performance Toolkit\;C:\Program Files\PowerShell\7\;C:\Users\User\AppData\Local\Microsoft\WindowsApps;C:\path_dir;C:\Program Files\7-Zip;C:\Users\User\.dotnet\tools;C:\path_dir\php;D:\C\SDL2\x86_64-w64-mingw32\include;D:\C\OCL\include;C:\Program Files\Microsoft VS Code\bin;C:\Users\User\go\bin
316 [15464] INFO perfrun.launcher <> - set environment variable: INTEL_LIBITTNOTIFY32 = C:\Program Files (x86)\Intel\oneAPI\vtune\2025.7\bin32\runtime\ittnotify_collector.dll
316 [15464] INFO perfrun.launcher <> - set environment variable: INTEL_LIBITTNOTIFY64 = C:\Program Files (x86)\Intel\oneAPI\vtune\2025.7\bin64\runtime\ittnotify_collector.dll
316 [15464] INFO perfrun.launcher <> - set environment variable: INTEL_ITTNOTIFY_GROUPS = 
316 [15464] INFO perfrun.launcher <> - set environment variable: INTEL_JIT_PROFILER32 = C:\Program Files (x86)\Intel\oneAPI\vtune\2025.7\bin32\runtime\ittnotify_collector.dll
316 [15464] INFO perfrun.launcher <> - set environment variable: INTEL_JIT_PROFILER64 = C:\Program Files (x86)\Intel\oneAPI\vtune\2025.7\bin64\runtime\ittnotify_collector.dll
316 [15464] INFO perfrun.launcher <> - set environment variable: CCL_ITT_LEVEL = 1
316 [15464] INFO perfrun.launcher <> - set environment variable: ENABLE_JITPROFILING = 1
316 [15464] INFO perfrun.launcher <> - set environment variable: CL_CONFIG_USE_VTUNE = True
316 [15464] INFO perfrun.launcher <> - set environment variable: KMP_FORKJOIN_FRAMES = 0
316 [15464] INFO perfrun.launcher <> - set environment variable: KMP_FORKJOIN_FRAMES_MODE = 0
316 [15464] INFO perfrun.launcher <> - set environment variable: INTEL_MRTE_DATA_DIR = D:\mipt\list\opt_proj\superlist\r004ue\data.0
316 [15464] INFO perfrun.launcher <> - set environment variable: INTEL_MRTE_HOST_NAME = DESKTOP-07MDIV5
316 [15464] INFO perfrun.launcher <> - set environment variable: JAVA_TOOL_OPTIONS = -agentlib:amplxe_samplingmrte_javaprof_1.0
317 [15464] INFO perfrun.launcher <> - set environment variable: PATH = C:\Program Files (x86)\Intel\oneAPI\vtune\2025.7\bin32\runtime;C:\Program Files (x86)\Intel\oneAPI\vtune\2025.7\bin64\runtime;C:\Program Files\Common Files\Oracle\Java\javapath;D:\C\vulkanSDK\Bin;C:\Windows\System32\Wbem;C:\Windows\System32\WindowsPowerShell\v1.0\;C:\Windows\System32\OpenSSH\;C:\Users\User\AppData\Local\Programs\Python\Python310;C:\Program Files (x86)\NVIDIA Corporation\PhysX\Common;C:\Program Files\Git\cmd;C:\Program Files\CodeBlocks\MinGW\bin;C:\WINDOWS\system32;C:\Program Files\NVIDIA Corporation\NVIDIA NvDLISR;C:\Program Files\CMake\bin;C:\Program Files\dotnet\;C:\Users\User\AppData\Local\Programs\Python\Python310\Scripts;C:\WINDOWS\system32;C:\WINDOWS;C:\Program Files\LLVM\bin;C:\Program Files\Microsoft SQL Server\150\Tools\Binn\;C:\Program Files\Microsoft SQL Server\Client SDK\ODBC\170\Tools\Binn\;C:\Windows\Microsoft.NET\Framework64\v4.0.30319;C:\Program Files\ffmpeg\bin;C:\Program Files\ffmpeg\include;C:\Program Files\Go\bin;C:\Program Files\gnuplot\bin;C:\Program Files (x86)\Windows Kits\10\Windows Performance Toolkit\;C:\Program Files\PowerShell\7\;C:\Users\User\AppData\Local\Microsoft\WindowsApps;C:\path_dir;C:\Program Files\7-Zip;C:\Users\User\.dotnet\tools;C:\path_dir\php;D:\C\SDL2\x86_64-w64-mingw32\include;D:\C\OCL\include;C:\Program Files\Microsoft VS Code\bin;C:\Users\User\go\bin
317 [15464] INFO perfrun.launcher <> - set environment variable: COR_ENABLE_PROFILING = 1
317 [15464] INFO perfrun.launcher <> - set environment variable: COR_PROFILER = {AA5E4821-E3B1-479c-B7FF-5AD047D22CED}
317 [15464] INFO perfrun.launcher <> - set environment variable: COMPLUS_ProfAPI_ProfilerCompatibilitySetting = EnableV2Profiler
317 [15464] INFO perfrun.launcher <> - set environment variable: CORECLR_ENABLE_PROFILING = 1
317 [15464] INFO perfrun.launcher <> - set environment variable: CORECLR_PROFILER = {AA5E4821-E3B1-479c-B7FF-5AD047D22CED}
317 [15464] INFO perfrun.launcher <> - set environment variable: CORECLR_PROFILER_PATH = C:\Program Files (x86)\Intel\oneAPI\vtune\2025.7\bin64/amplxe_samplingmrte_clrprof_1.0.dll
317 [15464] INFO perfrun.launcher <> - set environment variable: INTEL_MRTE_PROFILER_MODE = mixed
317 [15464] INFO perfrun.launcher <> - RpcServer: run RPC server to handle requests
345 [15464] INFO perfrun.sdk <> - IProcessUtil: the given executable 'D:\mipt\list\opt_proj\a.exe' is valid.
345 [15464] INFO perfrun.launcher <> - Launcher: command line to start before modification = D:\mipt\list\opt_proj\a.exe
345 [15464] INFO perfrun.launcher <> - Launcher: command line to start after modification = D:\mipt\list\opt_proj\a.exe
345 [15464] INFO perfrun.launcher <> - ProcessCreator object was created
348 [15464] INFO perfrun.launcher <> - Launcher: the process was started in suspend mode
348 [9448] INFO perfrun.launcher <> - Messenger::say: Peak bandwidth measurement started.
4548 [9448] INFO perfrun.launcher <> - Messenger::say: Peak bandwidth measurement finished.
4549 [9448] INFO perfrun.itt <> - start itt controller for pid #12972
4550 [9448] INFO perfrun.sdk <> - runCmd: "C:\Program Files (x86)\Intel\oneAPI\vtune\2025.7\bin64\sep.exe" -start -experimental -uem timer=10 -em factor=5 -p-state trigger=CPU_CLK_UNHALTED.REF_TSC -out D:\mipt\list\opt_proj\superlist\r004ue\data.0\sep24e8.20251103T222428.390454 -ec INST_RETIRED.ANY:sample:sa=3302000,CPU_CLK_UNHALTED.THREAD:sa=3302000,CPU_CLK_UNHALTED.REF_TSC:sample:sa=3302000,TOPDOWN.BR_MISPREDICT_SLOTS,DECODE.LCP,DSB2MITE_SWITCHES.PENALTY_CYCLES,ICACHE_DATA.STALLS,INST_RETIRED.MACRO_FUSED,INST_RETIRED.NOP,CPU_CLK_UNHALTED.DISTRIBUTED:sa=3302000,CPU_CLK_UNHALTED.THREAD_P,ICACHE_TAG.STALLS,IDQ.DSB_CYCLES_ANY,IDQ.DSB_CYCLES_OK,IDQ.DSB_UOPS,FRONTEND_RETIRED.LATENCY_GE_4,IDQ_BUBBLES.CORE,INT_MISC.UOP_DROPPING,TOPDOWN.BACKEND_BOUND_SLOTS,IDQ.MITE_CYCLES_ANY,IDQ.MITE_CYCLES_OK,IDQ.MS_CYCLES_ANY,INST_DECODED.DECODERS:cmask=1,TOPDOWN.MEMORY_BOUND_SLOTS,UOPS_RETIRED.SLOTS:sa=2000003,BR_MISP_RETIRED.ALL_BRANCHES,FRONTEND_RETIRED.ANY_DSB_MISS,INST_DECODED.DECODERS:cmask=2,ITLB_MISSES.WALK_ACTIVE,ITLB_MISSES.WALK_COMPLETED_2M_4M,ITLB_MISSES.WALK_COMPLETED_4K,FRONTEND_RETIRED.DSB_MISS,OFFCORE_REQUESTS_OUTSTANDING.CYCLES_WITH_DEMAND_CODE_RD,DTLB_LOAD_MISSES.STLB_HIT:cmask=1,DTLB_LOAD_MISSES.WALK_ACTIVE,DTLB_LOAD_MISSES.WALK_COMPLETED_1G,FRONTEND_RETIRED.L2_MISS,DTLB_LOAD_MISSES.WALK_COMPLETED_2M_4M,DTLB_LOAD_MISSES.WALK_COMPLETED_4K,DTLB_STORE_MISSES.STLB_HIT:cmask=1,DTLB_STORE_MISSES.WALK_ACTIVE,FRONTEND_RETIRED.LATENCY_GE_16,DTLB_STORE_MISSES.WALK_COMPLETED_1G,DTLB_STORE_MISSES.WALK_COMPLETED_2M_4M,DTLB_STORE_MISSES.WALK_COMPLETED_4K,L1D_PEND_MISS.FB_FULL,FRONTEND_RETIRED.LATENCY_GE_2_BUBBLES_GE_1,L1D_PEND_MISS.L2_STALLS,L1D_PEND_MISS.PENDING,L2_RQSTS.ALL_RFO,L2_RQSTS.RFO_HIT,FRONTEND_RETIRED.MS_FLOWS,LD_BLOCKS.NO_SR,LD_BLOCKS.STORE_FORWARD,MEMORY_ACTIVITY.CYCLES_L1D_MISS,MEMORY_ACTIVITY.STALLS_L1D_MISS,FRONTEND_RETIRED.STLB_MISS,MEMORY_ACTIVITY.STALLS_L2_MISS,MEMORY_ACTIVITY.STALLS_L3_MISS,MEM_INST_RETIRED.ALL_LOADS,MEM_INST_RETIRED.ALL_STORES,FRONTEND_RETIRED.UNKNOWN_BRANCH,IDQ_BUBBLES.CYCLES_0_UOPS_DELIV.CORE,INT_MISC.CLEAR_RESTEER_CYCLES,MEM_INST_RETIRED.LOCK_LOADS,MEM_INST_RETIRED.SPLIT_LOADS,MEM_INST_RETIRED.SPLIT_STORES,MEM_INST_RETIRED.STLB_MISS_LOADS,INT_MISC.UNKNOWN_BRANCH_CYCLES,LSD.CYCLES_ACTIVE,LSD.CYCLES_OK,LSD.UOPS,MEM_INST_RETIRED.STLB_MISS_STORES,MEM_LOAD_COMPLETED.L1_MISS_ANY,MEM_LOAD_L3_HIT_RETIRED.XSNP_FWD,MEM_LOAD_L3_HIT_RETIRED.XSNP_MISS,UOPS_ISSUED.ANY,UOPS_RETIRED.MS:cmask=1,MEM_LOAD_L3_HIT_RETIRED.XSNP_NO_FWD,MEM_LOAD_RETIRED.FB_HIT,MEM_LOAD_RETIRED.L1_HIT,MEM_LOAD_RETIRED.L1_MISS,UOPS_RETIRED.MS:cmask=1:e=yes,INT_MISC.CLEARS_COUNT,MACHINE_CLEARS.COUNT,MACHINE_CLEARS.MEMORY_ORDERING,MEM_LOAD_RETIRED.L2_HIT,MEM_LOAD_RETIRED.L3_HIT,MEM_LOAD_RETIRED.L3_MISS,MEM_STORE_RETIRED.L2_HIT,CYCLE_ACTIVITY.CYCLES_MEM_ANY,EXE_ACTIVITY.BOUND_ON_LOADS,EXE_ACTIVITY.BOUND_ON_STORES,ARITH.DIVIDER_ACTIVE,OFFCORE_REQUESTS_OUTSTANDING.ALL_DATA_RD:cmask=4,OFFCORE_REQUESTS_OUTSTANDING.CYCLES_WITH_DATA_RD,OFFCORE_REQUESTS_OUTSTANDING.CYCLES_WITH_DEMAND_RFO,XQ.FULL_CYCLES,ARITH.DIV_ACTIVE,ARITH.FPDIV_ACTIVE,ASSISTS.SSE_AVX_MIX,CPU_CLK_UNHALTED.C01,OCR.DEMAND_RFO.L3_HIT.SNOOP_HITM,OCR.DEMAND_DATA_RD.L3_HIT.SNOOP_HIT_WITH_FWD,CPU_CLK_UNHALTED.C02,CPU_CLK_UNHALTED.PAUSE,CPU_CLK_UNHALTED.PAUSE_INST,CYCLE_ACTIVITY.STALLS_TOTAL,EXE_ACTIVITY.1_PORTS_UTIL,EXE_ACTIVITY.2_3_PORTS_UTIL,OCR.STREAMING_WR.ANY_RESPONSE,OCR.DEMAND_DATA_RD.L3_HIT.SNOOP_HITM,EXE_ACTIVITY.2_PORTS_UTIL,EXE_ACTIVITY.EXE_BOUND_0_PORTS,FP_ARITH_INST_RETIRED.SCALAR,FP_ARITH_INST_RETIRED.VECTOR,MISC2_RETIRED.LFENCE,RESOURCE_STALLS.SCOREBOARD,RS.EMPTY_RESOURCE,UOPS_DISPATCHED.PORT_0,UOPS_DISPATCHED.PORT_1,UOPS_DISPATCHED.PORT_2_3_10,UOPS_DISPATCHED.PORT_4_9,UOPS_DISPATCHED.PORT_5_11,UOPS_DISPATCHED.PORT_6,UOPS_DISPATCHED.PORT_7_8,UOPS_EXECUTED.CYCLES_GE_3,UOPS_EXECUTED.THREAD:sa=2000003,UOPS_EXECUTED.X87:sa=2000003,UOPS_RETIRED.HEAVY,ASSISTS.ANY,ASSISTS.FP,ASSISTS.PAGE_FAULT,BR_INST_RETIRED.ALL_BRANCHES,FP_ARITH_INST_RETIRED.128B_PACKED_DOUBLE:sa=2000003,FP_ARITH_INST_RETIRED.128B_PACKED_SINGLE:sa=2000003,FP_ARITH_INST_RETIRED.256B_PACKED_DOUBLE:sa=2000003,FP_ARITH_INST_RETIRED.256B_PACKED_SINGLE:sa=2000003,INT_VEC_RETIRED.ADD_128,INT_VEC_RETIRED.ADD_256,INT_VEC_RETIRED.MUL_256,INT_VEC_RETIRED.SHUFFLES,INT_VEC_RETIRED.VNNI_128,INT_VEC_RETIRED.VNNI_256,MEM_UOP_RETIRED.ANY,UOPS_RETIRED.MS,TOPDOWN.SLOTS_P,FP_ARITH_INST_RETIRED.SCALAR_SINGLE:sa=2000003,FP_ARITH_INST_RETIRED.SCALAR_DOUBLE:sa=2000003,UNC_M_CAS_COUNT_RD,UNC_M_CAS_COUNT_WR, -d 0 -uem factor=10
4552 [9448] INFO perfrun.sdk <> - runCmd started PID 15576
5054 [15464] INFO perfrun.launcher <> - Launcher: all plugins were started
5055 [15464] INFO perfrun.launcher <> - DirectoryMonitor object was created
5056 [15464] INFO perfrun.launcher <> - DirectoryMonitor: a callback was added
5056 [15464] INFO perfrun.launcher <> - DirectoryMonitor was started with pingTime = 1000
5057 [15464] INFO perfrun.launcher <> - DeadlineTimer is going to be constructed
5059 [15464] INFO perfrun.launcher <> - DeadlineTimer: a callback was added
5084 [15464] INFO perfrun.launcher <> - Launcher: resume the profiled application and  wait its termination or stop command
14996 [15464] INFO perfrun.launcher <> - Launcher: the profiled application was terminated  with exit code = 0
14998 [9448] INFO perfrun.itt <> - detach itt controller
14998 [9448] INFO perfrun.itt <> - detach itt controller done
14999 [9448] INFO perfrun.sdk <> - runCmd: "C:\Program Files (x86)\Intel\oneAPI\vtune\2025.7\bin64\sep.exe" -stop
15001 [9448] INFO perfrun.sdk <> - runCmd started PID 14736
15534 [9448] INFO perfrun.sepdk <> - Sampling successfully stopped.

15534 [9448] INFO perfrun.sepdk <> - Waiting for main SEP process (15576) to finish...
15537 [9448] INFO perfrun.sepdk <> - Main SEP process finished
15537 [9448] INFO perfrun.sdk <> - De-allocating TMU: D:\mipt\list\opt_proj\superlist\r004ue\data.0\systemcollector-14464-DESKTOP-07MDIV5.sc
15549 [9448] INFO perfrun.system <> - closed the system trace file: D:\mipt\list\opt_proj\superlist\r004ue\data.0\systemcollector-14464-DESKTOP-07MDIV5.sc
15549 [15464] INFO perfrun.launcher <> - Launcher: all plugins were stopped.
15549 [15464] INFO perfrun.launcher <> - DeadlineTimer is going to be destroyed
15549 [15464] INFO perfrun.launcher <> - DeadlineTimer was destroyed
15549 [15464] INFO perfrun.launcher <> - DirectoryMonitor object was destroyed
15549 [15464] WARN perfrun.launcher <> - Stop command is ignored because it is received when collection is already stopped, at file: vcs\perfrun1\launcher\src\command_handler.cpp:226
15550 [15464] INFO perfrun.launcher <> - Application exit code: 0
15550 [15464] INFO perfrun.launcher <> - Exit code: 0
